#
# There is insufficient memory for the Java Runtime Environment to continue.
# Native memory allocation (malloc) failed to allocate 491088 bytes for Chunk::new
# Possible reasons:
#   The system is out of physical RAM or swap space
#   In 32 bit mode, the process size limit was hit
# Possible solutions:
#   Reduce memory load on the system
#   Increase physical memory or swap space
#   Check if swap backing store is full
#   Use 64 bit Java on a 64 bit OS
#   Decrease Java heap size (-Xmx/-Xms)
#   Decrease number of Java threads
#   Decrease Java thread stack sizes (-Xss)
#   Set larger code cache with -XX:ReservedCodeCacheSize=
# This output file may be truncated or incomplete.
#
#  Out of Memory Error (allocation.cpp:390), pid=6564, tid=9648
#
# JRE version: Java(TM) SE Runtime Environment (8.0_51-b16) (build 1.8.0_51-b16)
# Java VM: Java HotSpot(TM) 64-Bit Server VM (25.51-b03 mixed mode windows-amd64 compressed oops)
# Failed to write core dump. Minidumps are not enabled by default on client versions of Windows
#

---------------  T H R E A D  ---------------

Current thread (0x00000000564a7800):  JavaThread "C2 CompilerThread1" daemon [_thread_in_native, id=9648, stack(0x0000000056d80000,0x0000000056e80000)]

Stack: [0x0000000056d80000,0x0000000056e80000]
Native frames: (J=compiled Java code, j=interpreted, Vv=VM code, C=native code)
V  [jvm.dll+0x32b4ca]
V  [jvm.dll+0x2797e3]
V  [jvm.dll+0x27a479]
V  [jvm.dll+0x271765]
V  [jvm.dll+0xcba02]
V  [jvm.dll+0xcbecc]
V  [jvm.dll+0x4643d2]
V  [jvm.dll+0x4db655]
V  [jvm.dll+0x4dc257]
V  [jvm.dll+0x46a5e1]
V  [jvm.dll+0x46cde2]
V  [jvm.dll+0x4501a2]
V  [jvm.dll+0xa43a2]
V  [jvm.dll+0xa4cdf]
V  [jvm.dll+0x2418a4]
V  [jvm.dll+0x29846a]
C  [msvcr100.dll+0x21d9f]
C  [msvcr100.dll+0x21e3b]
C  [kernel32.dll+0x1652d]
C  [ntdll.dll+0x2c521]


Current CompileTask:
C2:   6267 2107       4       org.eclipse.sisu.inject.LocatedBeans$Itr::hasNext (161 bytes)


---------------  P R O C E S S  ---------------

Java Threads: ( => current thread )
  0x0000000056508000 JavaThread "Service Thread" daemon [_thread_blocked, id=6112, stack(0x0000000056fd0000,0x00000000570d0000)]
  0x00000000564a8800 JavaThread "C1 CompilerThread2" daemon [_thread_in_native, id=10216, stack(0x00000000568b0000,0x00000000569b0000)]
=>0x00000000564a7800 JavaThread "C2 CompilerThread1" daemon [_thread_in_native, id=9648, stack(0x0000000056d80000,0x0000000056e80000)]
  0x00000000564a6800 JavaThread "C2 CompilerThread0" daemon [_thread_in_native, id=10032, stack(0x0000000056c30000,0x0000000056d30000)]
  0x000000005649f800 JavaThread "Monitor Ctrl-Break" daemon [_thread_in_native, id=5576, stack(0x0000000056ae0000,0x0000000056be0000)]
  0x00000000550b3800 JavaThread "Attach Listener" daemon [_thread_blocked, id=6988, stack(0x0000000055fe0000,0x00000000560e0000)]
  0x00000000550b9000 JavaThread "Signal Dispatcher" daemon [_thread_blocked, id=7600, stack(0x00000000569e0000,0x0000000056ae0000)]
  0x000000005505b000 JavaThread "Finalizer" daemon [_thread_blocked, id=8100, stack(0x0000000056240000,0x0000000056340000)]
  0x0000000055052000 JavaThread "Reference Handler" daemon [_thread_blocked, id=4840, stack(0x0000000056360000,0x0000000056460000)]
  0x00000000004f8000 JavaThread "main" [_thread_in_Java, id=8052, stack(0x00000000025a0000,0x00000000026a0000)]

Other Threads:
  0x000000005504c800 VMThread [stack: 0x00000000560e0000,0x00000000561e0000] [id=8324]
  0x000000005651b800 WatcherThread [stack: 0x00000000570e0000,0x00000000571e0000] [id=7000]

VM state:not at safepoint (normal execution)

VM Mutex/Monitor currently owned by a thread: None

Heap:
 PSYoungGen      total 35328K, used 12026K [0x00000000eb500000, 0x00000000f0400000, 0x0000000100000000)
  eden space 32768K, 28% used [0x00000000eb500000,0x00000000ebe44ac0,0x00000000ed500000)
  from space 2560K, 99% used [0x00000000ed500000,0x00000000ed77a020,0x00000000ed780000)
  to   space 7680K, 0% used [0x00000000efc80000,0x00000000efc80000,0x00000000f0400000)
 ParOldGen       total 44032K, used 10521K [0x00000000c1e00000, 0x00000000c4900000, 0x00000000eb500000)
  object space 44032K, 23% used [0x00000000c1e00000,0x00000000c2846710,0x00000000c4900000)
 Metaspace       used 15332K, capacity 15630K, committed 15872K, reserved 1062912K
  class space    used 1867K, capacity 1975K, committed 2048K, reserved 1048576K

Card table byte_map: [0x0000000011cc0000,0x0000000011ec0000] byte_map_base: 0x00000000116b1000

Marking Bits: (ParMarkBitMap*) 0x00000000709b4040
 Begin Bits: [0x00000000125b0000, 0x0000000013538000)
 End Bits:   [0x0000000013538000, 0x00000000144c0000)

Polling page: 0x0000000000140000

CodeCache: size=245760Kb used=7193Kb max_used=7198Kb free=238566Kb
 bounds [0x0000000002900000, 0x0000000003010000, 0x0000000011900000]
 total_blobs=2506 nmethods=2163 adapters=255
 compilation: enabled

Compilation events (10 events):
Event: 5.937 Thread 0x00000000564a8800 2120       3       sun.nio.ch.FileKey::hashCode (42 bytes)
Event: 5.937 Thread 0x00000000564a8800 nmethod 2120 0x0000000002fd1b50 code [0x0000000002fd1ca0, 0x0000000002fd1e30]
Event: 5.938 Thread 0x00000000564a8800 2121       1       org.apache.maven.model.Activation::getFile (5 bytes)
Event: 5.938 Thread 0x00000000564a8800 nmethod 2121 0x0000000002fe41d0 code [0x0000000002fe4320, 0x0000000002fe4430]
Event: 5.945 Thread 0x00000000564a8800 2122       1       org.apache.maven.model.Activation::getJdk (5 bytes)
Event: 5.945 Thread 0x00000000564a8800 nmethod 2122 0x0000000002fe4490 code [0x0000000002fe45e0, 0x0000000002fe46f0]
Event: 5.945 Thread 0x00000000564a8800 2123       1       org.apache.maven.model.building.ModelData::getSource (5 bytes)
Event: 5.945 Thread 0x00000000564a8800 nmethod 2123 0x0000000002fe4750 code [0x0000000002fe48a0, 0x0000000002fe49b0]
Event: 5.945 Thread 0x00000000564a8800 2124       1       org.apache.maven.model.Activation::getOs (5 bytes)
Event: 5.945 Thread 0x00000000564a8800 nmethod 2124 0x0000000002fe4a10 code [0x0000000002fe4b60, 0x0000000002fe4c70]

GC Heap History (10 events):
Event: 3.004 GC heap before
{Heap before GC invocations=1 (full 0):
 PSYoungGen      total 18944K, used 16384K [0x00000000eb500000, 0x00000000eca00000, 0x0000000100000000)
  eden space 16384K, 100% used [0x00000000eb500000,0x00000000ec500000,0x00000000ec500000)
  from space 2560K, 0% used [0x00000000ec780000,0x00000000ec780000,0x00000000eca00000)
  to   space 2560K, 0% used [0x00000000ec500000,0x00000000ec500000,0x00000000ec780000)
 ParOldGen       total 44032K, used 0K [0x00000000c1e00000, 0x00000000c4900000, 0x00000000eb500000)
  object space 44032K, 0% used [0x00000000c1e00000,0x00000000c1e00000,0x00000000c4900000)
 Metaspace       used 6723K, capacity 6920K, committed 7040K, reserved 1056768K
  class space    used 786K, capacity 860K, committed 896K, reserved 1048576K
Event: 3.024 GC heap after
Heap after GC invocations=1 (full 0):
 PSYoungGen      total 18944K, used 2548K [0x00000000eb500000, 0x00000000eca00000, 0x0000000100000000)
  eden space 16384K, 0% used [0x00000000eb500000,0x00000000eb500000,0x00000000ec500000)
  from space 2560K, 99% used [0x00000000ec500000,0x00000000ec77d280,0x00000000ec780000)
  to   space 2560K, 0% used [0x00000000ec780000,0x00000000ec780000,0x00000000eca00000)
 ParOldGen       total 44032K, used 786K [0x00000000c1e00000, 0x00000000c4900000, 0x00000000eb500000)
  object space 44032K, 1% used [0x00000000c1e00000,0x00000000c1ec4880,0x00000000c4900000)
 Metaspace       used 6723K, capacity 6920K, committed 7040K, reserved 1056768K
  class space    used 786K, capacity 860K, committed 896K, reserved 1048576K
}
Event: 3.347 GC heap before
{Heap before GC invocations=2 (full 0):
 PSYoungGen      total 18944K, used 18932K [0x00000000eb500000, 0x00000000eca00000, 0x0000000100000000)
  eden space 16384K, 100% used [0x00000000eb500000,0x00000000ec500000,0x00000000ec500000)
  from space 2560K, 99% used [0x00000000ec500000,0x00000000ec77d280,0x00000000ec780000)
  to   space 2560K, 0% used [0x00000000ec780000,0x00000000ec780000,0x00000000eca00000)
 ParOldGen       total 44032K, used 786K [0x00000000c1e00000, 0x00000000c4900000, 0x00000000eb500000)
  object space 44032K, 1% used [0x00000000c1e00000,0x00000000c1ec4880,0x00000000c4900000)
 Metaspace       used 8088K, capacity 8232K, committed 8320K, reserved 1056768K
  class space    used 1005K, capacity 1084K, committed 1152K, reserved 1048576K
Event: 3.351 GC heap after
Heap after GC invocations=2 (full 0):
 PSYoungGen      total 18944K, used 2543K [0x00000000eb500000, 0x00000000eca00000, 0x0000000100000000)
  eden space 16384K, 0% used [0x00000000eb500000,0x00000000eb500000,0x00000000ec500000)
  from space 2560K, 99% used [0x00000000ec780000,0x00000000ec9fbea8,0x00000000eca00000)
  to   space 2560K, 0% used [0x00000000ec500000,0x00000000ec500000,0x00000000ec780000)
 ParOldGen       total 44032K, used 1355K [0x00000000c1e00000, 0x00000000c4900000, 0x00000000eb500000)
  object space 44032K, 3% used [0x00000000c1e00000,0x00000000c1f52d58,0x00000000c4900000)
 Metaspace       used 8088K, capacity 8232K, committed 8320K, reserved 1056768K
  class space    used 1005K, capacity 1084K, committed 1152K, reserved 1048576K
}
Event: 3.616 GC heap before
{Heap before GC invocations=3 (full 0):
 PSYoungGen      total 18944K, used 18927K [0x00000000eb500000, 0x00000000eca00000, 0x0000000100000000)
  eden space 16384K, 100% used [0x00000000eb500000,0x00000000ec500000,0x00000000ec500000)
  from space 2560K, 99% used [0x00000000ec780000,0x00000000ec9fbea8,0x00000000eca00000)
  to   space 2560K, 0% used [0x00000000ec500000,0x00000000ec500000,0x00000000ec780000)
 ParOldGen       total 44032K, used 1355K [0x00000000c1e00000, 0x00000000c4900000, 0x00000000eb500000)
  object space 44032K, 3% used [0x00000000c1e00000,0x00000000c1f52d58,0x00000000c4900000)
 Metaspace       used 9912K, capacity 10114K, committed 10368K, reserved 1058816K
  class space    used 1213K, capacity 1283K, committed 1408K, reserved 1048576K
Event: 3.621 GC heap after
Heap after GC invocations=3 (full 0):
 PSYoungGen      total 18944K, used 2546K [0x00000000eb500000, 0x00000000eda00000, 0x0000000100000000)
  eden space 16384K, 0% used [0x00000000eb500000,0x00000000eb500000,0x00000000ec500000)
  from space 2560K, 99% used [0x00000000ec500000,0x00000000ec77c838,0x00000000ec780000)
  to   space 2560K, 0% used [0x00000000ed780000,0x00000000ed780000,0x00000000eda00000)
 ParOldGen       total 44032K, used 3205K [0x00000000c1e00000, 0x00000000c4900000, 0x00000000eb500000)
  object space 44032K, 7% used [0x00000000c1e00000,0x00000000c21217b0,0x00000000c4900000)
 Metaspace       used 9912K, capacity 10114K, committed 10368K, reserved 1058816K
  class space    used 1213K, capacity 1283K, committed 1408K, reserved 1048576K
}
Event: 3.863 GC heap before
{Heap before GC invocations=4 (full 0):
 PSYoungGen      total 18944K, used 18930K [0x00000000eb500000, 0x00000000eda00000, 0x0000000100000000)
  eden space 16384K, 100% used [0x00000000eb500000,0x00000000ec500000,0x00000000ec500000)
  from space 2560K, 99% used [0x00000000ec500000,0x00000000ec77c838,0x00000000ec780000)
  to   space 2560K, 0% used [0x00000000ed780000,0x00000000ed780000,0x00000000eda00000)
 ParOldGen       total 44032K, used 3205K [0x00000000c1e00000, 0x00000000c4900000, 0x00000000eb500000)
  object space 44032K, 7% used [0x00000000c1e00000,0x00000000c21217b0,0x00000000c4900000)
 Metaspace       used 11884K, capacity 12148K, committed 12416K, reserved 1060864K
  class space    used 1489K, capacity 1576K, committed 1664K, reserved 1048576K
Event: 3.869 GC heap after
Heap after GC invocations=4 (full 0):
 PSYoungGen      total 35328K, used 2552K [0x00000000eb500000, 0x00000000eda00000, 0x0000000100000000)
  eden space 32768K, 0% used [0x00000000eb500000,0x00000000eb500000,0x00000000ed500000)
  from space 2560K, 99% used [0x00000000ed780000,0x00000000ed9fe010,0x00000000eda00000)
  to   space 2560K, 0% used [0x00000000ed500000,0x00000000ed500000,0x00000000ed780000)
 ParOldGen       total 44032K, used 5765K [0x00000000c1e00000, 0x00000000c4900000, 0x00000000eb500000)
  object space 44032K, 13% used [0x00000000c1e00000,0x00000000c23a1590,0x00000000c4900000)
 Metaspace       used 11884K, capacity 12148K, committed 12416K, reserved 1060864K
  class space    used 1489K, capacity 1576K, committed 1664K, reserved 1048576K
}
Event: 5.605 GC heap before
{Heap before GC invocations=5 (full 0):
 PSYoungGen      total 35328K, used 35320K [0x00000000eb500000, 0x00000000eda00000, 0x0000000100000000)
  eden space 32768K, 100% used [0x00000000eb500000,0x00000000ed500000,0x00000000ed500000)
  from space 2560K, 99% used [0x00000000ed780000,0x00000000ed9fe010,0x00000000eda00000)
  to   space 2560K, 0% used [0x00000000ed500000,0x00000000ed500000,0x00000000ed780000)
 ParOldGen       total 44032K, used 5765K [0x00000000c1e00000, 0x00000000c4900000, 0x00000000eb500000)
  object space 44032K, 13% used [0x00000000c1e00000,0x00000000c23a1590,0x00000000c4900000)
 Metaspace       used 15230K, capacity 15560K, committed 15872K, reserved 1062912K
  class space    used 1865K, capacity 1974K, committed 2048K, reserved 1048576K
Event: 5.625 GC heap after
Heap after GC invocations=5 (full 0):
 PSYoungGen      total 35328K, used 2536K [0x00000000eb500000, 0x00000000f0400000, 0x0000000100000000)
  eden space 32768K, 0% used [0x00000000eb500000,0x00000000eb500000,0x00000000ed500000)
  from space 2560K, 99% used [0x00000000ed500000,0x00000000ed77a020,0x00000000ed780000)
  to   space 7680K, 0% used [0x00000000efc80000,0x00000000efc80000,0x00000000f0400000)
 ParOldGen       total 44032K, used 10521K [0x00000000c1e00000, 0x00000000c4900000, 0x00000000eb500000)
  object space 44032K, 23% used [0x00000000c1e00000,0x00000000c2846710,0x00000000c4900000)
 Metaspace       used 15230K, capacity 15560K, committed 15872K, reserved 1062912K
  class space    used 1865K, capacity 1974K, committed 2048K, reserved 1048576K
}

Deoptimization events (10 events):
Event: 5.139 Thread 0x00000000004f8000 Uncommon trap: reason=unstable_if action=reinterpret pc=0x0000000002ca2b28 method=java.util.HashMap.hash(Ljava/lang/Object;)I @ 1
Event: 5.139 Thread 0x00000000004f8000 Uncommon trap: reason=unstable_if action=reinterpret pc=0x0000000002bed564 method=java.util.HashMap.hash(Ljava/lang/Object;)I @ 1
Event: 5.193 Thread 0x00000000004f8000 Uncommon trap: reason=unstable_if action=reinterpret pc=0x0000000002ec5f54 method=org.codehaus.plexus.util.xml.pull.MXParser.nextImpl()I @ 924
Event: 5.240 Thread 0x00000000004f8000 Uncommon trap: reason=bimorphic action=maybe_recompile pc=0x0000000002e7e7f8 method=java.util.concurrent.ConcurrentHashMap.get(Ljava/lang/Object;)Ljava/lang/Object; @ 149
Event: 5.259 Thread 0x00000000004f8000 Uncommon trap: reason=unstable_if action=reinterpret pc=0x0000000002d867a0 method=java.util.HashMap.hash(Ljava/lang/Object;)I @ 1
Event: 5.290 Thread 0x00000000004f8000 Uncommon trap: reason=null_check action=make_not_entrant pc=0x0000000002f10650 method=org.apache.maven.model.io.xpp3.MavenXpp3Reader.checkFieldWithDuplicate(Lorg/codehaus/plexus/util/xml/pull/XmlPullParser;Ljava/lang/String;Ljava/lang/String;Ljava/util/Set/š„ÜT£@
Event: 5.410 Thread 0x00000000004f8000 Uncommon trap: reason=predicate action=maybe_recompile pc=0x0000000002f21764 method=java.nio.charset.CharsetDecoder.decode(Ljava/nio/ByteBuffer;Ljava/nio/CharBuffer;Z)Ljava/nio/charset/CoderResult; @ 54
Event: 5.410 Thread 0x00000000004f8000 Uncommon trap: reason=predicate action=maybe_recompile pc=0x0000000002bb5c00 method=java.nio.charset.CharsetDecoder.decode(Ljava/nio/ByteBuffer;Ljava/nio/CharBuffer;Z)Ljava/nio/charset/CoderResult; @ 54
Event: 5.434 Thread 0x00000000004f8000 Uncommon trap: reason=unstable_if action=reinterpret pc=0x0000000002c8f9f4 method=java.util.HashMap.getNode(ILjava/lang/Object;)Ljava/util/HashMap$Node; @ 53
Event: 5.441 Thread 0x00000000004f8000 Uncommon trap: reason=bimorphic action=maybe_recompile pc=0x0000000002e7e7f8 method=java.util.concurrent.ConcurrentHashMap.get(Ljava/lang/Object;)Ljava/lang/Object; @ 149

Internal exceptions (10 events):
Event: 3.238 Thread 0x00000000004f8000 Exception <a 'java/lang/ArrayIndexOutOfBoundsException': 100> (0x00000000eb9d3678) thrown at [C:\re\workspace\8-2-build-windows-amd64-cygwin\jdk8u51\3951\hotspot\src\share\vm\interpreter\interpreterRuntime.cpp, line 366]
Event: 3.238 Thread 0x00000000004f8000 Exception <a 'java/lang/ArrayIndexOutOfBoundsException': 86> (0x00000000eb9d4c20) thrown at [C:\re\workspace\8-2-build-windows-amd64-cygwin\jdk8u51\3951\hotspot\src\share\vm\interpreter\interpreterRuntime.cpp, line 366]
Event: 3.997 Thread 0x00000000004f8000 Exception <a 'java/lang/NoClassDefFoundError': com/google/inject/servlet/ServletModuleTargetVisitor> (0x00000000ebaf2d58) thrown at [C:\re\workspace\8-2-build-windows-amd64-cygwin\jdk8u51\3951\hotspot\src\share\vm\classfile\systemDictionary.cpp, line 199]
Event: 3.997 Thread 0x00000000004f8000 Exception <a 'java/lang/NoClassDefFoundError'> (0x00000000ebaf2d58) thrown at [C:\re\workspace\8-2-build-windows-amd64-cygwin\jdk8u51\3951\hotspot\src\share\vm\prims\jvm.cpp, line 1386]
Event: 3.998 Thread 0x00000000004f8000 Exception <a 'java/lang/NoClassDefFoundError': javax/annotation/Priority> (0x00000000ebaf73f8) thrown at [C:\re\workspace\8-2-build-windows-amd64-cygwin\jdk8u51\3951\hotspot\src\share\vm\classfile\systemDictionary.cpp, line 199]
Event: 4.295 Thread 0x00000000004f8000 Implicit null exception at 0x0000000002ad2f0b to 0x0000000002ad30bd
Event: 5.139 Thread 0x00000000004f8000 Implicit null exception at 0x0000000002ca2945 to 0x0000000002ca2b19
Event: 5.139 Thread 0x00000000004f8000 Implicit null exception at 0x0000000002bed4ef to 0x0000000002bed555
Event: 5.259 Thread 0x00000000004f8000 Implicit null exception at 0x0000000002d86708 to 0x0000000002d86796
Event: 5.290 Thread 0x00000000004f8000 Implicit null exception at 0x0000000002f0f490 to 0x0000000002f10635

Events (10 events):
Event: 5.484 Thread 0x00000000004f8000 DEOPT PACKING pc=0x0000000002e528e2 sp=0x000000000269cc80
Event: 5.484 Thread 0x00000000004f8000 DEOPT UNPACKING pc=0x000000000294787f sp=0x000000000269ca20 mode 0
Event: 5.605 Executing VM operation: ParallelGCFailedAllocation
Event: 5.625 Executing VM operation: ParallelGCFailedAllocation done
Event: 5.648 loading class org/eclipse/aether/graph/Dependency$Exclusions$1
Event: 5.648 loading class org/eclipse/aether/graph/Dependency$Exclusions$1 done
Event: 5.649 loading class org/eclipse/aether/util/graph/selector/ExclusionDependencySelector$ExclusionComparator
Event: 5.649 loading class org/eclipse/aether/util/graph/selector/ExclusionDependencySelector$ExclusionComparator done
Event: 5.721 loading class org/eclipse/aether/collection/DependencyManagement
Event: 5.721 loading class org/eclipse/aether/collection/DependencyManagement done


Dynamic libraries:
0x000000013f2e0000 - 0x000000013f317000 	C:\Program Files\Java\jdk1.8.0_51\bin\java.exe
0x0000000076f70000 - 0x0000000077119000 	C:\Windows\SYSTEM32\ntdll.dll
0x0000000076d50000 - 0x0000000076e6f000 	C:\Windows\system32\kernel32.dll
0x000007fefd220000 - 0x000007fefd28c000 	C:\Windows\system32\KERNELBASE.dll
0x000007fefd540000 - 0x000007fefd61b000 	C:\Windows\system32\ADVAPI32.dll
0x000007fefe950000 - 0x000007fefe9ef000 	C:\Windows\system32\msvcrt.dll
0x000007fefe690000 - 0x000007fefe6af000 	C:\Windows\SYSTEM32\sechost.dll
0x000007feff020000 - 0x000007feff14d000 	C:\Windows\system32\RPCRT4.dll
0x0000000076e70000 - 0x0000000076f6a000 	C:\Windows\system32\USER32.dll
0x000007fefe450000 - 0x000007fefe4b7000 	C:\Windows\system32\GDI32.dll
0x000007fefe4c0000 - 0x000007fefe4ce000 	C:\Windows\system32\LPK.dll
0x000007fefe9f0000 - 0x000007fefeab9000 	C:\Windows\system32\USP10.dll
0x000007fefb960000 - 0x000007fefbb54000 	C:\Windows\WinSxS\amd64_microsoft.windows.common-controls_6595b64144ccf1df_6.0.7601.17514_none_fa396087175ac9ac\COMCTL32.dll
0x000007fefeca0000 - 0x000007fefed11000 	C:\Windows\system32\SHLWAPI.dll
0x000007fefe660000 - 0x000007fefe68e000 	C:\Windows\system32\IMM32.DLL
0x000007fefe790000 - 0x000007fefe899000 	C:\Windows\system32\MSCTF.dll
0x000000006a890000 - 0x000000006a962000 	C:\Program Files\Java\jdk1.8.0_51\jre\bin\msvcr100.dll
0x00000000701b0000 - 0x0000000070a33000 	C:\Program Files\Java\jdk1.8.0_51\jre\bin\server\jvm.dll
0x000007fefae40000 - 0x000007fefae49000 	C:\Windows\system32\WSOCK32.dll
0x000007fefe900000 - 0x000007fefe94d000 	C:\Windows\system32\WS2_32.dll
0x000007fefe650000 - 0x000007fefe658000 	C:\Windows\system32\NSI.dll
0x000007fef7b80000 - 0x000007fef7bbb000 	C:\Windows\system32\WINMM.dll
0x000007fefc020000 - 0x000007fefc02c000 	C:\Windows\system32\VERSION.dll
0x0000000077140000 - 0x0000000077147000 	C:\Windows\system32\PSAPI.DLL
0x0000000071310000 - 0x000000007131f000 	C:\Program Files\Java\jdk1.8.0_51\jre\bin\verify.dll
0x000000006a860000 - 0x000000006a889000 	C:\Program Files\Java\jdk1.8.0_51\jre\bin\java.dll
0x000000006a830000 - 0x000000006a853000 	C:\Program Files\Java\jdk1.8.0_51\jre\bin\instrument.dll
0x000000006a810000 - 0x000000006a826000 	C:\Program Files\Java\jdk1.8.0_51\jre\bin\zip.dll
0x000007fefd6c0000 - 0x000007fefe448000 	C:\Windows\system32\SHELL32.dll
0x000007fefd330000 - 0x000007fefd533000 	C:\Windows\system32\ole32.dll
0x000007fefcec0000 - 0x000007fefcecf000 	C:\Windows\system32\profapi.dll
0x000007feed630000 - 0x000007feed64a000 	D:\Idea\IntelliJ IDEA 2017.1.2\bin\breakgen64.dll
0x000000006a7f0000 - 0x000000006a80a000 	C:\Program Files\Java\jdk1.8.0_51\jre\bin\net.dll
0x000007fefc6d0000 - 0x000007fefc725000 	C:\Windows\system32\mswsock.dll
0x000007fefc6c0000 - 0x000007fefc6c7000 	C:\Windows\System32\wship6.dll
0x000000006a6e0000 - 0x000000006a6f1000 	C:\Program Files\Java\jdk1.8.0_51\jre\bin\nio.dll
0x000007fef9760000 - 0x000007fef9885000 	C:\Windows\system32\dbghelp.dll

VM Arguments:
jvm_args: -Dmaven.multiModuleProjectDirectory=G:\JAVAÁ·Ï°ÎÄ¼þ\¿ÎÌÃÎÄ¼þ\bmi\mysql_maven -Dmaven.home=D:\maven\apache-maven-3.3.9 -Dclassworlds.conf=D:\maven\apache-maven-3.3.9\bin\m2.conf -javaagent:D:\Idea\IntelliJ IDEA 2017.1.2\lib\idea_rt.jar=57513:D:\Idea\IntelliJ IDEA 2017.1.2\bin -Dfile.encoding=UTF-8 
java_command: org.codehaus.classworlds.Launcher -Didea.version=2017.1.2 -s D:\javalibrary\settings.xml -Dmaven.repo.local=D:\javalibrary\repository org.apache.tomcat.maven:tomcat7-maven-plugin:2.2:run
java_class_path (initial): D:\maven\apache-maven-3.3.9\boot\plexus-classworlds-2.5.2.jar;D:\Idea\IntelliJ IDEA 2017.1.2\lib\idea_rt.jar
Launcher Type: SUN_STANDARD

Environment Variables:
JAVA_HOME=C:\Program Files\Java\jdk1.8.0_51
PATH=C:\ProgramData\Oracle\Java\javapath;C:\Windows\system32;C:\Windows;C:\Windows\System32\Wbem;C:\Windows\System32\WindowsPowerShell\v1.0\;C:\Program Files\Java\jdk1.8.0_51\bin;D:\mysql\mysql-5.7.17-winx64\bin;D:\maven\apache-maven-3.3.9\bin;D:\apache-tomcat\apache-tomcat-7.0.40\lib;D:\vsc\node\;C:\Users\Administrator.SKY-20190609GSF\AppData\Roaming\npm;D:\vsc\Vsc\Microsoft VS Code\bin;C:\Program Files (x86)\MyDrivers\DriverGenius;C:\Program Files (x86)\MyDrivers\DriverGenius\ksoft
USERNAME=Administrator
OS=Windows_NT
PROCESSOR_IDENTIFIER=Intel64 Family 6 Model 69 Stepping 1, GenuineIntel



---------------  S Y S T E M  ---------------

OS: Windows 7 , 64 bit Build 7601 (6.1.7601.17965)

CPU:total 4 (2 cores per cpu, 2 threads per core) family 6 model 69 stepping 1, cmov, cx8, fxsr, mmx, sse, sse2, sse3, ssse3, sse4.1, sse4.2, popcnt, avx, avx2, aes, clmul, erms, lzcnt, ht, tsc, tscinvbit, bmi1, bmi2

Memory: 4k page, physical 4067812k(217812k free), swap 6163112k(7752k free)

vm_info: Java HotSpot(TM) 64-Bit Server VM (25.51-b03) for windows-amd64 JRE (1.8.0_51-b16), built on Jun  8 2015 18:03:07 by "java_re" with MS VC++ 10.0 (VS2010)

time: Wed Jun 19 16:21:24 2019
elapsed time: 6 seconds (0d 0h 0m 6s)

