#
# There is insufficient memory for the Java Runtime Environment to continue.
# Native memory allocation (malloc) failed to allocate 32744 bytes for ChunkPool::allocate
# Possible reasons:
#   The system is out of physical RAM or swap space
#   In 32 bit mode, the process size limit was hit
# Possible solutions:
#   Reduce memory load on the system
#   Increase physical memory or swap space
#   Check if swap backing store is full
#   Use 64 bit Java on a 64 bit OS
#   Decrease Java heap size (-Xmx/-Xms)
#   Decrease number of Java threads
#   Decrease Java thread stack sizes (-Xss)
#   Set larger code cache with -XX:ReservedCodeCacheSize=
# This output file may be truncated or incomplete.
#
#  Out of Memory Error (allocation.cpp:273), pid=8924, tid=9828
#
# JRE version: Java(TM) SE Runtime Environment (8.0_51-b16) (build 1.8.0_51-b16)
# Java VM: Java HotSpot(TM) 64-Bit Server VM (25.51-b03 mixed mode windows-amd64 compressed oops)
# Failed to write core dump. Minidumps are not enabled by default on client versions of Windows
#

---------------  T H R E A D  ---------------

Current thread (0x0000000056283000):  JavaThread "C2 CompilerThread0" daemon [_thread_in_native, id=9828, stack(0x0000000056670000,0x0000000056770000)]

Stack: [0x0000000056670000,0x0000000056770000]
Native frames: (J=compiled Java code, j=interpreted, Vv=VM code, C=native code)
V  [jvm.dll+0x32b4ca]


Current CompileTask:
C2:   9790 2583   !   4       org.codehaus.plexus.interpolation.StringSearchInterpolator::interpolate (655 bytes)


---------------  P R O C E S S  ---------------

Java Threads: ( => current thread )
  0x0000000056322000 JavaThread "Service Thread" daemon [_thread_blocked, id=7324, stack(0x0000000057090000,0x0000000057190000)]
  0x0000000056286000 JavaThread "C1 CompilerThread2" daemon [_thread_in_native, id=2892, stack(0x0000000056f60000,0x0000000057060000)]
  0x0000000056284800 JavaThread "C2 CompilerThread1" daemon [_thread_in_native, id=6420, stack(0x0000000056d00000,0x0000000056e00000)]
=>0x0000000056283000 JavaThread "C2 CompilerThread0" daemon [_thread_in_native, id=9828, stack(0x0000000056670000,0x0000000056770000)]
  0x000000005627b800 JavaThread "Monitor Ctrl-Break" daemon [_thread_in_native, id=4760, stack(0x0000000056c00000,0x0000000056d00000)]
  0x0000000054ee1800 JavaThread "Attach Listener" daemon [_thread_blocked, id=9308, stack(0x00000000569e0000,0x0000000056ae0000)]
  0x0000000054eef000 JavaThread "Signal Dispatcher" daemon [_thread_blocked, id=1864, stack(0x00000000567d0000,0x00000000568d0000)]
  0x0000000054e83800 JavaThread "Finalizer" daemon [_thread_blocked, id=3960, stack(0x0000000055ee0000,0x0000000055fe0000)]
  0x0000000054e82000 JavaThread "Reference Handler" daemon [_thread_blocked, id=8096, stack(0x0000000056140000,0x0000000056240000)]
  0x00000000023c8000 JavaThread "main" [_thread_in_native, id=9356, stack(0x0000000002630000,0x0000000002730000)]

Other Threads:
  0x0000000054e7c800 VMThread [stack: 0x0000000056020000,0x0000000056120000] [id=9052]
  0x0000000056326000 WatcherThread [stack: 0x00000000571c0000,0x00000000572c0000] [id=4972]

VM state:not at safepoint (normal execution)

VM Mutex/Monitor currently owned by a thread: None

Heap:
 PSYoungGen      total 73216K, used 19486K [0x00000000eb500000, 0x00000000f0400000, 0x0000000100000000)
  eden space 65536K, 21% used [0x00000000eb500000,0x00000000ec2eb808,0x00000000ef500000)
  from space 7680K, 68% used [0x00000000efc80000,0x00000000f019c148,0x00000000f0400000)
  to   space 7680K, 0% used [0x00000000ef500000,0x00000000ef500000,0x00000000efc80000)
 ParOldGen       total 44032K, used 10388K [0x00000000c1e00000, 0x00000000c4900000, 0x00000000eb500000)
  object space 44032K, 23% used [0x00000000c1e00000,0x00000000c2825270,0x00000000c4900000)
 Metaspace       used 16478K, capacity 16854K, committed 17024K, reserved 1064960K
  class space    used 1976K, capacity 2087K, committed 2176K, reserved 1048576K

Card table byte_map: [0x0000000011bf0000,0x0000000011df0000] byte_map_base: 0x00000000115e1000

Marking Bits: (ParMarkBitMap*) 0x0000000070364040
 Begin Bits: [0x00000000123e0000, 0x0000000013368000)
 End Bits:   [0x0000000013368000, 0x00000000142f0000)

Polling page: 0x0000000000130000

CodeCache: size=245760Kb used=8777Kb max_used=8777Kb free=236982Kb
 bounds [0x0000000002830000, 0x00000000030d0000, 0x0000000011830000]
 total_blobs=3037 nmethods=2688 adapters=261
 compilation: enabled

Compilation events (10 events):
Event: 9.785 Thread 0x0000000056286000 nmethod 2696 0x00000000030c8a10 code [0x00000000030c8be0, 0x00000000030c9418]
Event: 9.785 Thread 0x0000000056286000 2700       1       org.apache.maven.project.MavenProject::getModel (5 bytes)
Event: 9.786 Thread 0x0000000056286000 nmethod 2700 0x00000000030c9810 code [0x00000000030c9960, 0x00000000030c9a70]
Event: 9.786 Thread 0x0000000056286000 2699       3       org.codehaus.plexus.util.StringUtils::isEmpty (20 bytes)
Event: 9.786 Thread 0x0000000056286000 nmethod 2699 0x00000000030c9ad0 code [0x00000000030c9c40, 0x00000000030c9fa8]
Event: 9.786 Thread 0x0000000056286000 2697       3       java.util.Collections$UnmodifiableRandomAccessList::<init> (6 bytes)
Event: 9.786 Thread 0x0000000056286000 nmethod 2697 0x00000000030ca0d0 code [0x00000000030ca260, 0x00000000030ca5e8]
Event: 9.786 Thread 0x0000000056286000 2698       3       java.util.Collections$UnmodifiableList::<init> (11 bytes)
Event: 9.786 Thread 0x0000000056286000 nmethod 2698 0x00000000030ca7d0 code [0x00000000030ca940, 0x00000000030cac88]
Event: 9.786 Thread 0x0000000056286000 2701       3       sun.reflect.UnsafeFieldAccessorFactory::newFieldAccessor (676 bytes)

GC Heap History (10 events):
Event: 3.167 GC heap before
{Heap before GC invocations=2 (full 0):
 PSYoungGen      total 18944K, used 18932K [0x00000000eb500000, 0x00000000eca00000, 0x0000000100000000)
  eden space 16384K, 100% used [0x00000000eb500000,0x00000000ec500000,0x00000000ec500000)
  from space 2560K, 99% used [0x00000000ec500000,0x00000000ec77d070,0x00000000ec780000)
  to   space 2560K, 0% used [0x00000000ec780000,0x00000000ec780000,0x00000000eca00000)
 ParOldGen       total 44032K, used 791K [0x00000000c1e00000, 0x00000000c4900000, 0x00000000eb500000)
  object space 44032K, 1% used [0x00000000c1e00000,0x00000000c1ec5dd8,0x00000000c4900000)
 Metaspace       used 8099K, capacity 8232K, committed 8320K, reserved 1056768K
  class space    used 1010K, capacity 1084K, committed 1152K, reserved 1048576K
Event: 3.171 GC heap after
Heap after GC invocations=2 (full 0):
 PSYoungGen      total 18944K, used 2547K [0x00000000eb500000, 0x00000000eca00000, 0x0000000100000000)
  eden space 16384K, 0% used [0x00000000eb500000,0x00000000eb500000,0x00000000ec500000)
  from space 2560K, 99% used [0x00000000ec780000,0x00000000ec9fcd90,0x00000000eca00000)
  to   space 2560K, 0% used [0x00000000ec500000,0x00000000ec500000,0x00000000ec780000)
 ParOldGen       total 44032K, used 1343K [0x00000000c1e00000, 0x00000000c4900000, 0x00000000eb500000)
  object space 44032K, 3% used [0x00000000c1e00000,0x00000000c1f4feb0,0x00000000c4900000)
 Metaspace       used 8099K, capacity 8232K, committed 8320K, reserved 1056768K
  class space    used 1010K, capacity 1084K, committed 1152K, reserved 1048576K
}
Event: 3.442 GC heap before
{Heap before GC invocations=3 (full 0):
 PSYoungGen      total 18944K, used 18931K [0x00000000eb500000, 0x00000000eca00000, 0x0000000100000000)
  eden space 16384K, 100% used [0x00000000eb500000,0x00000000ec500000,0x00000000ec500000)
  from space 2560K, 99% used [0x00000000ec780000,0x00000000ec9fcd90,0x00000000eca00000)
  to   space 2560K, 0% used [0x00000000ec500000,0x00000000ec500000,0x00000000ec780000)
 ParOldGen       total 44032K, used 1343K [0x00000000c1e00000, 0x00000000c4900000, 0x00000000eb500000)
  object space 44032K, 3% used [0x00000000c1e00000,0x00000000c1f4feb0,0x00000000c4900000)
 Metaspace       used 9894K, capacity 10050K, committed 10368K, reserved 1058816K
  class space    used 1214K, capacity 1283K, committed 1408K, reserved 1048576K
Event: 3.447 GC heap after
Heap after GC invocations=3 (full 0):
 PSYoungGen      total 18944K, used 2536K [0x00000000eb500000, 0x00000000eda00000, 0x0000000100000000)
  eden space 16384K, 0% used [0x00000000eb500000,0x00000000eb500000,0x00000000ec500000)
  from space 2560K, 99% used [0x00000000ec500000,0x00000000ec77a020,0x00000000ec780000)
  to   space 2560K, 0% used [0x00000000ed780000,0x00000000ed780000,0x00000000eda00000)
 ParOldGen       total 44032K, used 3228K [0x00000000c1e00000, 0x00000000c4900000, 0x00000000eb500000)
  object space 44032K, 7% used [0x00000000c1e00000,0x00000000c2127358,0x00000000c4900000)
 Metaspace       used 9894K, capacity 10050K, committed 10368K, reserved 1058816K
  class space    used 1214K, capacity 1283K, committed 1408K, reserved 1048576K
}
Event: 3.710 GC heap before
{Heap before GC invocations=4 (full 0):
 PSYoungGen      total 18944K, used 18920K [0x00000000eb500000, 0x00000000eda00000, 0x0000000100000000)
  eden space 16384K, 100% used [0x00000000eb500000,0x00000000ec500000,0x00000000ec500000)
  from space 2560K, 99% used [0x00000000ec500000,0x00000000ec77a020,0x00000000ec780000)
  to   space 2560K, 0% used [0x00000000ed780000,0x00000000ed780000,0x00000000eda00000)
 ParOldGen       total 44032K, used 3228K [0x00000000c1e00000, 0x00000000c4900000, 0x00000000eb500000)
  object space 44032K, 7% used [0x00000000c1e00000,0x00000000c2127358,0x00000000c4900000)
 Metaspace       used 11876K, capacity 12148K, committed 12416K, reserved 1060864K
  class space    used 1490K, capacity 1576K, committed 1664K, reserved 1048576K
Event: 3.729 GC heap after
Heap after GC invocations=4 (full 0):
 PSYoungGen      total 35328K, used 2536K [0x00000000eb500000, 0x00000000eda00000, 0x0000000100000000)
  eden space 32768K, 0% used [0x00000000eb500000,0x00000000eb500000,0x00000000ed500000)
  from space 2560K, 99% used [0x00000000ed780000,0x00000000ed9fa040,0x00000000eda00000)
  to   space 2560K, 0% used [0x00000000ed500000,0x00000000ed500000,0x00000000ed780000)
 ParOldGen       total 44032K, used 5823K [0x00000000c1e00000, 0x00000000c4900000, 0x00000000eb500000)
  object space 44032K, 13% used [0x00000000c1e00000,0x00000000c23afc30,0x00000000c4900000)
 Metaspace       used 11876K, capacity 12148K, committed 12416K, reserved 1060864K
  class space    used 1490K, capacity 1576K, committed 1664K, reserved 1048576K
}
Event: 6.264 GC heap before
{Heap before GC invocations=5 (full 0):
 PSYoungGen      total 35328K, used 35304K [0x00000000eb500000, 0x00000000eda00000, 0x0000000100000000)
  eden space 32768K, 100% used [0x00000000eb500000,0x00000000ed500000,0x00000000ed500000)
  from space 2560K, 99% used [0x00000000ed780000,0x00000000ed9fa040,0x00000000eda00000)
  to   space 2560K, 0% used [0x00000000ed500000,0x00000000ed500000,0x00000000ed780000)
 ParOldGen       total 44032K, used 5823K [0x00000000c1e00000, 0x00000000c4900000, 0x00000000eb500000)
  object space 44032K, 13% used [0x00000000c1e00000,0x00000000c23afc30,0x00000000c4900000)
 Metaspace       used 15203K, capacity 15560K, committed 15872K, reserved 1062912K
  class space    used 1864K, capacity 1974K, committed 2048K, reserved 1048576K
Event: 6.280 GC heap after
Heap after GC invocations=5 (full 0):
 PSYoungGen      total 35328K, used 2552K [0x00000000eb500000, 0x00000000f0400000, 0x0000000100000000)
  eden space 32768K, 0% used [0x00000000eb500000,0x00000000eb500000,0x00000000ed500000)
  from space 2560K, 99% used [0x00000000ed500000,0x00000000ed77e030,0x00000000ed780000)
  to   space 7680K, 0% used [0x00000000efc80000,0x00000000efc80000,0x00000000f0400000)
 ParOldGen       total 44032K, used 10388K [0x00000000c1e00000, 0x00000000c4900000, 0x00000000eb500000)
  object space 44032K, 23% used [0x00000000c1e00000,0x00000000c2825270,0x00000000c4900000)
 Metaspace       used 15203K, capacity 15560K, committed 15872K, reserved 1062912K
  class space    used 1864K, capacity 1974K, committed 2048K, reserved 1048576K
}
Event: 8.813 GC heap before
{Heap before GC invocations=6 (full 0):
 PSYoungGen      total 35328K, used 35320K [0x00000000eb500000, 0x00000000f0400000, 0x0000000100000000)
  eden space 32768K, 100% used [0x00000000eb500000,0x00000000ed500000,0x00000000ed500000)
  from space 2560K, 99% used [0x00000000ed500000,0x00000000ed77e030,0x00000000ed780000)
  to   space 7680K, 0% used [0x00000000efc80000,0x00000000efc80000,0x00000000f0400000)
 ParOldGen       total 44032K, used 10388K [0x00000000c1e00000, 0x00000000c4900000, 0x00000000eb500000)
  object space 44032K, 23% used [0x00000000c1e00000,0x00000000c2825270,0x00000000c4900000)
 Metaspace       used 16149K, capacity 16486K, committed 16640K, reserved 1064960K
  class space    used 1955K, capacity 2047K, committed 2048K, reserved 1048576K
Event: 8.826 GC heap after
Heap after GC invocations=6 (full 0):
 PSYoungGen      total 73216K, used 5232K [0x00000000eb500000, 0x00000000f0400000, 0x0000000100000000)
  eden space 65536K, 0% used [0x00000000eb500000,0x00000000eb500000,0x00000000ef500000)
  from space 7680K, 68% used [0x00000000efc80000,0x00000000f019c148,0x00000000f0400000)
  to   space 7680K, 0% used [0x00000000ef500000,0x00000000ef500000,0x00000000efc80000)
 ParOldGen       total 44032K, used 10388K [0x00000000c1e00000, 0x00000000c4900000, 0x00000000eb500000)
  object space 44032K, 23% used [0x00000000c1e00000,0x00000000c2825270,0x00000000c4900000)
 Metaspace       used 16149K, capacity 16486K, committed 16640K, reserved 1064960K
  class space    used 1955K, capacity 2047K, committed 2048K, reserved 1048576K
}

Deoptimization events (10 events):
Event: 7.215 Thread 0x00000000023c8000 Uncommon trap: reason=bimorphic action=maybe_recompile pc=0x0000000002eab214 method=java.util.regex.Pattern$Curly.match0(Ljava/util/regex/Matcher;IILjava/lang/CharSequence;)Z @ 170
Event: 8.108 Thread 0x00000000023c8000 Uncommon trap: reason=bimorphic action=maybe_recompile pc=0x0000000002eab214 method=java.util.regex.Pattern$Curly.match0(Ljava/util/regex/Matcher;IILjava/lang/CharSequence;)Z @ 170
Event: 8.108 Thread 0x00000000023c8000 Uncommon trap: reason=bimorphic action=maybe_recompile pc=0x0000000002e24640 method=java.util.regex.Pattern$CharProperty.match(Ljava/util/regex/Matcher;ILjava/lang/CharSequence;)Z @ 37
Event: 8.224 Thread 0x00000000023c8000 Uncommon trap: reason=unstable_if action=reinterpret pc=0x0000000002f99c5c method=java.net.URI.match(CJJ)Z @ 32
Event: 8.354 Thread 0x00000000023c8000 Uncommon trap: reason=bimorphic action=maybe_recompile pc=0x0000000002da84f8 method=java.util.concurrent.ConcurrentHashMap.get(Ljava/lang/Object;)Ljava/lang/Object; @ 149
Event: 9.426 Thread 0x00000000023c8000 Uncommon trap: reason=unstable_if action=reinterpret pc=0x0000000002e70988 method=org.codehaus.plexus.util.xml.pull.MXParser.parseAttribute()C @ 995
Event: 9.472 Thread 0x00000000023c8000 Uncommon trap: reason=unstable_if action=reinterpret pc=0x0000000002de3f0c method=java.util.LinkedHashMap.afterNodeInsertion(Z)V @ 18
Event: 9.532 Thread 0x00000000023c8000 Uncommon trap: reason=bimorphic action=maybe_recompile pc=0x0000000002da84f8 method=java.util.concurrent.ConcurrentHashMap.get(Ljava/lang/Object;)Ljava/lang/Object; @ 149
Event: 9.775 Thread 0x00000000023c8000 Uncommon trap: reason=bimorphic action=maybe_recompile pc=0x0000000002e24640 method=java.util.regex.Pattern$CharProperty.match(Ljava/util/regex/Matcher;ILjava/lang/CharSequence;)Z @ 37
Event: 9.781 Thread 0x00000000023c8000 Uncommon trap: reason=unstable_if action=reinterpret pc=0x0000000003039418 method=com.google.inject.internal.InjectorImpl.callInContext(Lcom/google/inject/internal/ContextualCallable;)Ljava/lang/Object; @ 161

Internal exceptions (10 events):
Event: 3.177 Thread 0x00000000023c8000 Exception <a 'java/lang/ArrayIndexOutOfBoundsException': 131> (0x00000000eb5fa920) thrown at [C:\re\workspace\8-2-build-windows-amd64-cygwin\jdk8u51\3951\hotspot\src\share\vm\interpreter\interpreterRuntime.cpp, line 366]
Event: 3.922 Thread 0x00000000023c8000 Exception <a 'java/lang/NoClassDefFoundError': com/google/inject/servlet/ServletModuleTargetVisitor> (0x00000000ebae7680) thrown at [C:\re\workspace\8-2-build-windows-amd64-cygwin\jdk8u51\3951\hotspot\src\share\vm\classfile\systemDictionary.cpp, line 199]
Event: 3.922 Thread 0x00000000023c8000 Exception <a 'java/lang/NoClassDefFoundError'> (0x00000000ebae7680) thrown at [C:\re\workspace\8-2-build-windows-amd64-cygwin\jdk8u51\3951\hotspot\src\share\vm\prims\jvm.cpp, line 1386]
Event: 3.923 Thread 0x00000000023c8000 Exception <a 'java/lang/NoClassDefFoundError': javax/annotation/Priority> (0x00000000ebaebd20) thrown at [C:\re\workspace\8-2-build-windows-amd64-cygwin\jdk8u51\3951\hotspot\src\share\vm\classfile\systemDictionary.cpp, line 199]
Event: 4.206 Thread 0x00000000023c8000 Implicit null exception at 0x00000000029fed4b to 0x00000000029feefd
Event: 5.293 Thread 0x00000000023c8000 Implicit null exception at 0x0000000002be22c5 to 0x0000000002be2499
Event: 5.293 Thread 0x00000000023c8000 Implicit null exception at 0x0000000002b18fef to 0x0000000002b19055
Event: 5.736 Thread 0x00000000023c8000 Implicit null exception at 0x0000000002e0ab22 to 0x0000000002e0ad69
Event: 5.761 Thread 0x00000000023c8000 Implicit null exception at 0x0000000002c7f488 to 0x0000000002c7f516
Event: 9.781 Thread 0x00000000023c8000 Implicit null exception at 0x00000000030382a0 to 0x00000000030393fd

Events (10 events):
Event: 9.774 loading class org/apache/maven/plugin/compiler/AsmModuleInfoParser done
Event: 9.774 loading class org/apache/maven/plugin/compiler/AsmModuleInfoParser
Event: 9.774 loading class org/apache/maven/plugin/compiler/AsmModuleInfoParser done
Event: 9.775 Thread 0x00000000023c8000 Uncommon trap: trap_request=0xffffffc6 fr.pc=0x0000000002e24640
Event: 9.775 Thread 0x00000000023c8000 DEOPT PACKING pc=0x0000000002e24640 sp=0x000000000272ca50
Event: 9.775 Thread 0x00000000023c8000 DEOPT UNPACKING pc=0x000000000287582a sp=0x000000000272c9e8 mode 2
Event: 9.781 Thread 0x00000000023c8000 Uncommon trap: trap_request=0xffffff65 fr.pc=0x0000000003039418
Event: 9.781 Thread 0x00000000023c8000 DEOPT PACKING pc=0x0000000003039418 sp=0x000000000272c910
Event: 9.781 Thread 0x00000000023c8000 DEOPT UNPACKING pc=0x000000000287582a sp=0x000000000272c900 mode 2
Event: 9.786 loading class sun/reflect/UnsafeIntegerFieldAccessorImpl


Dynamic libraries:
0x000000013f7c0000 - 0x000000013f7f7000 	C:\Program Files\Java\jdk1.8.0_51\bin\java.exe
0x0000000076f70000 - 0x0000000077119000 	C:\Windows\SYSTEM32\ntdll.dll
0x0000000076d50000 - 0x0000000076e6f000 	C:\Windows\system32\kernel32.dll
0x000007fefd220000 - 0x000007fefd28c000 	C:\Windows\system32\KERNELBASE.dll
0x000007fefd540000 - 0x000007fefd61b000 	C:\Windows\system32\ADVAPI32.dll
0x000007fefe950000 - 0x000007fefe9ef000 	C:\Windows\system32\msvcrt.dll
0x000007fefe690000 - 0x000007fefe6af000 	C:\Windows\SYSTEM32\sechost.dll
0x000007feff020000 - 0x000007feff14d000 	C:\Windows\system32\RPCRT4.dll
0x0000000076e70000 - 0x0000000076f6a000 	C:\Windows\system32\USER32.dll
0x000007fefe450000 - 0x000007fefe4b7000 	C:\Windows\system32\GDI32.dll
0x000007fefe4c0000 - 0x000007fefe4ce000 	C:\Windows\system32\LPK.dll
0x000007fefe9f0000 - 0x000007fefeab9000 	C:\Windows\system32\USP10.dll
0x000007fefb960000 - 0x000007fefbb54000 	C:\Windows\WinSxS\amd64_microsoft.windows.common-controls_6595b64144ccf1df_6.0.7601.17514_none_fa396087175ac9ac\COMCTL32.dll
0x000007fefeca0000 - 0x000007fefed11000 	C:\Windows\system32\SHLWAPI.dll
0x000007fefe660000 - 0x000007fefe68e000 	C:\Windows\system32\IMM32.DLL
0x000007fefe790000 - 0x000007fefe899000 	C:\Windows\system32\MSCTF.dll
0x000000006a840000 - 0x000000006a912000 	C:\Program Files\Java\jdk1.8.0_51\jre\bin\msvcr100.dll
0x000000006fb60000 - 0x00000000703e3000 	C:\Program Files\Java\jdk1.8.0_51\jre\bin\server\jvm.dll
0x000007fefae40000 - 0x000007fefae49000 	C:\Windows\system32\WSOCK32.dll
0x000007fefe900000 - 0x000007fefe94d000 	C:\Windows\system32\WS2_32.dll
0x000007fefe650000 - 0x000007fefe658000 	C:\Windows\system32\NSI.dll
0x000007fef7b80000 - 0x000007fef7bbb000 	C:\Windows\system32\WINMM.dll
0x000007fefc020000 - 0x000007fefc02c000 	C:\Windows\system32\VERSION.dll
0x0000000077140000 - 0x0000000077147000 	C:\Windows\system32\PSAPI.DLL
0x0000000071310000 - 0x000000007131f000 	C:\Program Files\Java\jdk1.8.0_51\jre\bin\verify.dll
0x000000006a810000 - 0x000000006a839000 	C:\Program Files\Java\jdk1.8.0_51\jre\bin\java.dll
0x000000006a6d0000 - 0x000000006a6f3000 	C:\Program Files\Java\jdk1.8.0_51\jre\bin\instrument.dll
0x000000006a7f0000 - 0x000000006a806000 	C:\Program Files\Java\jdk1.8.0_51\jre\bin\zip.dll
0x000007fefd6c0000 - 0x000007fefe448000 	C:\Windows\system32\SHELL32.dll
0x000007fefd330000 - 0x000007fefd533000 	C:\Windows\system32\ole32.dll
0x000007fefcec0000 - 0x000007fefcecf000 	C:\Windows\system32\profapi.dll
0x000007feeca90000 - 0x000007feecaaa000 	D:\Idea\IntelliJ IDEA 2017.1.2\bin\breakgen64.dll
0x000000006a6b0000 - 0x000000006a6ca000 	C:\Program Files\Java\jdk1.8.0_51\jre\bin\net.dll
0x000007fefc6d0000 - 0x000007fefc725000 	C:\Windows\system32\mswsock.dll
0x000007fefc6c0000 - 0x000007fefc6c7000 	C:\Windows\System32\wship6.dll
0x000000006a690000 - 0x000000006a6a1000 	C:\Program Files\Java\jdk1.8.0_51\jre\bin\nio.dll

VM Arguments:
jvm_args: -Dmaven.multiModuleProjectDirectory=G:\JAVA练习文件\课堂文件\bmi\mysql_maven -Dmaven.home=D:\maven\apache-maven-3.3.9 -Dclassworlds.conf=D:\maven\apache-maven-3.3.9\bin\m2.conf -javaagent:D:\Idea\IntelliJ IDEA 2017.1.2\lib\idea_rt.jar=57487:D:\Idea\IntelliJ IDEA 2017.1.2\bin -Dfile.encoding=UTF-8 
java_command: org.codehaus.classworlds.Launcher -Didea.version=2017.1.2 -s D:\javalibrary\settings.xml -Dmaven.repo.local=D:\javalibrary\repository org.apache.tomcat.maven:tomcat7-maven-plugin:2.2:run
java_class_path (initial): D:\maven\apache-maven-3.3.9\boot\plexus-classworlds-2.5.2.jar;D:\Idea\IntelliJ IDEA 2017.1.2\lib\idea_rt.jar
Launcher Type: SUN_STANDARD

Environment Variables:
JAVA_HOME=C:\Program Files\Java\jdk1.8.0_51
PATH=C:\ProgramData\Oracle\Java\javapath;C:\Windows\system32;C:\Windows;C:\Windows\System32\Wbem;C:\Windows\System32\WindowsPowerShell\v1.0\;C:\Program Files\Java\jdk1.8.0_51\bin;D:\mysql\mysql-5.7.17-winx64\bin;D:\maven\apache-maven-3.3.9\bin;D:\apache-tomcat\apache-tomcat-7.0.40\lib;D:\vsc\node\;C:\Users\Administrator.SKY-20190609GSF\AppData\Roaming\npm;D:\vsc\Vsc\Microsoft VS Code\bin;C:\Program Files (x86)\MyDrivers\DriverGenius;C:\Program Files (x86)\MyDrivers\DriverGenius\ksoft
USERNAME=Administrator
OS=Windows_NT
PROCESSOR_IDENTIFIER=Intel64 Family 6 Model 69 Stepping 1, GenuineIntel



---------------  S Y S T E M  ---------------

OS: Windows 7 , 64 bit Build 7601 (6.1.7601.17965)

CPU:total 4 (2 cores per cpu, 2 threads per core) family 6 model 69 stepping 1, cmov, cx8, fxsr, mmx, sse, sse2, sse3, ssse3, sse4.1, sse4.2, popcnt, avx, avx2, aes, clmul, erms, lzcnt, ht, tsc, tscinvbit, bmi1, bmi2

Memory: 4k page, physical 4067812k(197400k free), swap 6163112k(5116k free)

vm_info: Java HotSpot(TM) 64-Bit Server VM (25.51-b03) for windows-amd64 JRE (1.8.0_51-b16), built on Jun  8 2015 18:03:07 by "java_re" with MS VC++ 10.0 (VS2010)

time: Wed Jun 19 16:20:07 2019
elapsed time: 9 seconds (0d 0h 0m 9s)

