#
# There is insufficient memory for the Java Runtime Environment to continue.
# Native memory allocation (malloc) failed to allocate 329936 bytes for Chunk::new
# Possible reasons:
#   The system is out of physical RAM or swap space
#   In 32 bit mode, the process size limit was hit
# Possible solutions:
#   Reduce memory load on the system
#   Increase physical memory or swap space
#   Check if swap backing store is full
#   Use 64 bit Java on a 64 bit OS
#   Decrease Java heap size (-Xmx/-Xms)
#   Decrease number of Java threads
#   Decrease Java thread stack sizes (-Xss)
#   Set larger code cache with -XX:ReservedCodeCacheSize=
# This output file may be truncated or incomplete.
#
#  Out of Memory Error (allocation.cpp:390), pid=8216, tid=9756
#
# JRE version: Java(TM) SE Runtime Environment (8.0_51-b16) (build 1.8.0_51-b16)
# Java VM: Java HotSpot(TM) 64-Bit Server VM (25.51-b03 mixed mode windows-amd64 compressed oops)
# Failed to write core dump. Minidumps are not enabled by default on client versions of Windows
#

---------------  T H R E A D  ---------------

Current thread (0x0000000056536000):  JavaThread "C2 CompilerThread1" daemon [_thread_in_native, id=9756, stack(0x00000000560c0000,0x00000000561c0000)]

Stack: [0x00000000560c0000,0x00000000561c0000]
Native frames: (J=compiled Java code, j=interpreted, Vv=VM code, C=native code)
V  [jvm.dll+0x32b4ca]


Current CompileTask:
C2:  10355 1987   !   4       org.apache.maven.model.interpolation.StringSearchModelInterpolator$InterpolateObjectAction$MapField::doInterpolate (162 bytes)


---------------  P R O C E S S  ---------------

Java Threads: ( => current thread )
  0x00000000565b3800 JavaThread "Service Thread" daemon [_thread_blocked, id=8756, stack(0x00000000570c0000,0x00000000571c0000)]
  0x0000000056597000 JavaThread "C1 CompilerThread2" daemon [_thread_blocked, id=7540, stack(0x0000000056ea0000,0x0000000056fa0000)]
=>0x0000000056536000 JavaThread "C2 CompilerThread1" daemon [_thread_in_native, id=9756, stack(0x00000000560c0000,0x00000000561c0000)]
  0x0000000056531000 JavaThread "C2 CompilerThread0" daemon [_thread_blocked, id=8200, stack(0x0000000056c70000,0x0000000056d70000)]
  0x0000000056527800 JavaThread "Monitor Ctrl-Break" daemon [_thread_in_native, id=8084, stack(0x0000000056b50000,0x0000000056c50000)]
  0x0000000054ecc800 JavaThread "Attach Listener" daemon [_thread_blocked, id=1800, stack(0x0000000056900000,0x0000000056a00000)]
  0x0000000054ec0000 JavaThread "Signal Dispatcher" daemon [_thread_blocked, id=2992, stack(0x00000000562e0000,0x00000000563e0000)]
  0x0000000054e67000 JavaThread "Finalizer" daemon [_thread_blocked, id=7752, stack(0x00000000563f0000,0x00000000564f0000)]
  0x0000000054e60000 JavaThread "Reference Handler" daemon [_thread_blocked, id=5524, stack(0x00000000561e0000,0x00000000562e0000)]
  0x0000000002478000 JavaThread "main" [_thread_in_Java, id=9784, stack(0x0000000002640000,0x0000000002740000)]

Other Threads:
  0x0000000054e5a800 VMThread [stack: 0x0000000055f60000,0x0000000056060000] [id=6136]
  0x00000000565f3000 WatcherThread [stack: 0x0000000056da0000,0x0000000056ea0000] [id=7640]

VM state:not at safepoint (normal execution)

VM Mutex/Monitor currently owned by a thread: None

Heap:
 PSYoungGen      total 34304K, used 6379K [0x00000000eb500000, 0x00000000ee300000, 0x0000000100000000)
  eden space 31744K, 12% used [0x00000000eb500000,0x00000000eb8bcf30,0x00000000ed400000)
  from space 2560K, 99% used [0x00000000ed500000,0x00000000ed77e030,0x00000000ed780000)
  to   space 7680K, 0% used [0x00000000edb80000,0x00000000edb80000,0x00000000ee300000)
 ParOldGen       total 44032K, used 10415K [0x00000000c1e00000, 0x00000000c4900000, 0x00000000eb500000)
  object space 44032K, 23% used [0x00000000c1e00000,0x00000000c282bfc0,0x00000000c4900000)
 Metaspace       used 15246K, capacity 15630K, committed 15872K, reserved 1062912K
  class space    used 1867K, capacity 1975K, committed 2048K, reserved 1048576K

Card table byte_map: [0x0000000011c80000,0x0000000011e80000] byte_map_base: 0x0000000011671000

Marking Bits: (ParMarkBitMap*) 0x0000000077c54040
 Begin Bits: [0x00000000123c0000, 0x0000000013348000)
 End Bits:   [0x0000000013348000, 0x00000000142d0000)

Polling page: 0x0000000000130000

CodeCache: size=245760Kb used=6737Kb max_used=6746Kb free=239022Kb
 bounds [0x00000000028c0000, 0x0000000002f60000, 0x00000000118c0000]
 total_blobs=2360 nmethods=2017 adapters=255
 compilation: enabled

Compilation events (10 events):
Event: 9.990 Thread 0x0000000056597000 1996       3       org.apache.maven.model.interpolation.UrlNormalizingPostProcessor::execute (32 bytes)
Event: 9.990 Thread 0x0000000056597000 nmethod 1996 0x0000000002f44b90 code [0x0000000002f44d40, 0x0000000002f45228]
Event: 9.990 Thread 0x0000000056597000 1997       3       org.apache.maven.model.validation.DefaultModelValidator::validateId (79 bytes)
Event: 9.991 Thread 0x0000000056597000 nmethod 1997 0x0000000002f4cd50 code [0x0000000002f4cf80, 0x0000000002f4db98]
Event: 9.991 Thread 0x0000000056597000 2000       3       org.apache.maven.model.Dependency::getExclusions (23 bytes)
Event: 9.991 Thread 0x0000000056597000 nmethod 2000 0x0000000002f4fb10 code [0x0000000002f4fc80, 0x0000000002f50010]
Event: 9.991 Thread 0x0000000056597000 1999       3       java.util.regex.Matcher::getSubSequence (12 bytes)
Event: 9.991 Thread 0x0000000056597000 nmethod 1999 0x0000000002f42750 code [0x0000000002f428c0, 0x0000000002f42ae8]
Event: 9.991 Thread 0x0000000056531000 1998       4       java.util.regex.Pattern$Curly::match0 (174 bytes)
Event: 9.994 Thread 0x0000000056531000 nmethod 1998 0x0000000002f4f390 code [0x0000000002f4f4e0, 0x0000000002f4f818]

GC Heap History (10 events):
Event: 2.561 GC heap before
{Heap before GC invocations=1 (full 0):
 PSYoungGen      total 18944K, used 16384K [0x00000000eb500000, 0x00000000eca00000, 0x0000000100000000)
  eden space 16384K, 100% used [0x00000000eb500000,0x00000000ec500000,0x00000000ec500000)
  from space 2560K, 0% used [0x00000000ec780000,0x00000000ec780000,0x00000000eca00000)
  to   space 2560K, 0% used [0x00000000ec500000,0x00000000ec500000,0x00000000ec780000)
 ParOldGen       total 44032K, used 0K [0x00000000c1e00000, 0x00000000c4900000, 0x00000000eb500000)
  object space 44032K, 0% used [0x00000000c1e00000,0x00000000c1e00000,0x00000000c4900000)
 Metaspace       used 6761K, capacity 6920K, committed 7040K, reserved 1056768K
  class space    used 787K, capacity 860K, committed 896K, reserved 1048576K
Event: 2.566 GC heap after
Heap after GC invocations=1 (full 0):
 PSYoungGen      total 18944K, used 2532K [0x00000000eb500000, 0x00000000eca00000, 0x0000000100000000)
  eden space 16384K, 0% used [0x00000000eb500000,0x00000000eb500000,0x00000000ec500000)
  from space 2560K, 98% used [0x00000000ec500000,0x00000000ec779080,0x00000000ec780000)
  to   space 2560K, 0% used [0x00000000ec780000,0x00000000ec780000,0x00000000eca00000)
 ParOldGen       total 44032K, used 767K [0x00000000c1e00000, 0x00000000c4900000, 0x00000000eb500000)
  object space 44032K, 1% used [0x00000000c1e00000,0x00000000c1ebff20,0x00000000c4900000)
 Metaspace       used 6761K, capacity 6920K, committed 7040K, reserved 1056768K
  class space    used 787K, capacity 860K, committed 896K, reserved 1048576K
}
Event: 3.331 GC heap before
{Heap before GC invocations=2 (full 0):
 PSYoungGen      total 18944K, used 18916K [0x00000000eb500000, 0x00000000eca00000, 0x0000000100000000)
  eden space 16384K, 100% used [0x00000000eb500000,0x00000000ec500000,0x00000000ec500000)
  from space 2560K, 98% used [0x00000000ec500000,0x00000000ec779080,0x00000000ec780000)
  to   space 2560K, 0% used [0x00000000ec780000,0x00000000ec780000,0x00000000eca00000)
 ParOldGen       total 44032K, used 767K [0x00000000c1e00000, 0x00000000c4900000, 0x00000000eb500000)
  object space 44032K, 1% used [0x00000000c1e00000,0x00000000c1ebff20,0x00000000c4900000)
 Metaspace       used 8100K, capacity 8232K, committed 8320K, reserved 1056768K
  class space    used 1010K, capacity 1084K, committed 1152K, reserved 1048576K
Event: 3.350 GC heap after
Heap after GC invocations=2 (full 0):
 PSYoungGen      total 18944K, used 2531K [0x00000000eb500000, 0x00000000eda00000, 0x0000000100000000)
  eden space 16384K, 0% used [0x00000000eb500000,0x00000000eb500000,0x00000000ec500000)
  from space 2560K, 98% used [0x00000000ec780000,0x00000000ec9f8da0,0x00000000eca00000)
  to   space 2560K, 0% used [0x00000000ec500000,0x00000000ec500000,0x00000000ec780000)
 ParOldGen       total 44032K, used 1299K [0x00000000c1e00000, 0x00000000c4900000, 0x00000000eb500000)
  object space 44032K, 2% used [0x00000000c1e00000,0x00000000c1f44f08,0x00000000c4900000)
 Metaspace       used 8100K, capacity 8232K, committed 8320K, reserved 1056768K
  class space    used 1010K, capacity 1084K, committed 1152K, reserved 1048576K
}
Event: 4.133 GC heap before
{Heap before GC invocations=3 (full 0):
 PSYoungGen      total 18944K, used 18915K [0x00000000eb500000, 0x00000000eda00000, 0x0000000100000000)
  eden space 16384K, 100% used [0x00000000eb500000,0x00000000ec500000,0x00000000ec500000)
  from space 2560K, 98% used [0x00000000ec780000,0x00000000ec9f8da0,0x00000000eca00000)
  to   space 2560K, 0% used [0x00000000ec500000,0x00000000ec500000,0x00000000ec780000)
 ParOldGen       total 44032K, used 1299K [0x00000000c1e00000, 0x00000000c4900000, 0x00000000eb500000)
  object space 44032K, 2% used [0x00000000c1e00000,0x00000000c1f44f08,0x00000000c4900000)
 Metaspace       used 9921K, capacity 10114K, committed 10368K, reserved 1058816K
  class space    used 1214K, capacity 1283K, committed 1408K, reserved 1048576K
Event: 4.139 GC heap after
Heap after GC invocations=3 (full 0):
 PSYoungGen      total 18944K, used 2541K [0x00000000eb500000, 0x00000000eda00000, 0x0000000100000000)
  eden space 16384K, 0% used [0x00000000eb500000,0x00000000eb500000,0x00000000ec500000)
  from space 2560K, 99% used [0x00000000ec500000,0x00000000ec77b7f8,0x00000000ec780000)
  to   space 2560K, 0% used [0x00000000ed780000,0x00000000ed780000,0x00000000eda00000)
 ParOldGen       total 44032K, used 3152K [0x00000000c1e00000, 0x00000000c4900000, 0x00000000eb500000)
  object space 44032K, 7% used [0x00000000c1e00000,0x00000000c21142b0,0x00000000c4900000)
 Metaspace       used 9921K, capacity 10114K, committed 10368K, reserved 1058816K
  class space    used 1214K, capacity 1283K, committed 1408K, reserved 1048576K
}
Event: 4.829 GC heap before
{Heap before GC invocations=4 (full 0):
 PSYoungGen      total 18944K, used 18925K [0x00000000eb500000, 0x00000000eda00000, 0x0000000100000000)
  eden space 16384K, 100% used [0x00000000eb500000,0x00000000ec500000,0x00000000ec500000)
  from space 2560K, 99% used [0x00000000ec500000,0x00000000ec77b7f8,0x00000000ec780000)
  to   space 2560K, 0% used [0x00000000ed780000,0x00000000ed780000,0x00000000eda00000)
 ParOldGen       total 44032K, used 3152K [0x00000000c1e00000, 0x00000000c4900000, 0x00000000eb500000)
  object space 44032K, 7% used [0x00000000c1e00000,0x00000000c21142b0,0x00000000c4900000)
 Metaspace       used 11878K, capacity 12148K, committed 12416K, reserved 1060864K
  class space    used 1490K, capacity 1576K, committed 1664K, reserved 1048576K
Event: 4.835 GC heap after
Heap after GC invocations=4 (full 0):
 PSYoungGen      total 35328K, used 2536K [0x00000000eb500000, 0x00000000eda00000, 0x0000000100000000)
  eden space 32768K, 0% used [0x00000000eb500000,0x00000000eb500000,0x00000000ed500000)
  from space 2560K, 99% used [0x00000000ed780000,0x00000000ed9fa020,0x00000000eda00000)
  to   space 2560K, 0% used [0x00000000ed500000,0x00000000ed500000,0x00000000ed780000)
 ParOldGen       total 44032K, used 5710K [0x00000000c1e00000, 0x00000000c4900000, 0x00000000eb500000)
  object space 44032K, 12% used [0x00000000c1e00000,0x00000000c23939b8,0x00000000c4900000)
 Metaspace       used 11878K, capacity 12148K, committed 12416K, reserved 1060864K
  class space    used 1490K, capacity 1576K, committed 1664K, reserved 1048576K
}
Event: 9.507 GC heap before
{Heap before GC invocations=5 (full 0):
 PSYoungGen      total 35328K, used 35304K [0x00000000eb500000, 0x00000000eda00000, 0x0000000100000000)
  eden space 32768K, 100% used [0x00000000eb500000,0x00000000ed500000,0x00000000ed500000)
  from space 2560K, 99% used [0x00000000ed780000,0x00000000ed9fa020,0x00000000eda00000)
  to   space 2560K, 0% used [0x00000000ed500000,0x00000000ed500000,0x00000000ed780000)
 ParOldGen       total 44032K, used 5710K [0x00000000c1e00000, 0x00000000c4900000, 0x00000000eb500000)
  object space 44032K, 12% used [0x00000000c1e00000,0x00000000c23939b8,0x00000000c4900000)
 Metaspace       used 15200K, capacity 15496K, committed 15872K, reserved 1062912K
  class space    used 1865K, capacity 1974K, committed 2048K, reserved 1048576K
Event: 9.533 GC heap after
Heap after GC invocations=5 (full 0):
 PSYoungGen      total 34304K, used 2552K [0x00000000eb500000, 0x00000000ee300000, 0x0000000100000000)
  eden space 31744K, 0% used [0x00000000eb500000,0x00000000eb500000,0x00000000ed400000)
  from space 2560K, 99% used [0x00000000ed500000,0x00000000ed77e030,0x00000000ed780000)
  to   space 7680K, 0% used [0x00000000edb80000,0x00000000edb80000,0x00000000ee300000)
 ParOldGen       total 44032K, used 10415K [0x00000000c1e00000, 0x00000000c4900000, 0x00000000eb500000)
  object space 44032K, 23% used [0x00000000c1e00000,0x00000000c282bfc0,0x00000000c4900000)
 Metaspace       used 15200K, capacity 15496K, committed 15872K, reserved 1062912K
  class space    used 1865K, capacity 1974K, committed 2048K, reserved 1048576K
}

Deoptimization events (10 events):
Event: 5.913 Thread 0x0000000002478000 Uncommon trap: reason=unstable_if action=reinterpret pc=0x0000000002a7c7d4 method=java.lang.String.replace(CC)Ljava/lang/String; @ 2
Event: 7.343 Thread 0x0000000002478000 Uncommon trap: reason=unstable_if action=reinterpret pc=0x0000000002e09000 method=org.codehaus.plexus.util.xml.pull.MXParser.nextImpl()I @ 879
Event: 7.556 Thread 0x0000000002478000 Uncommon trap: reason=unstable_if action=reinterpret pc=0x0000000002e1bd00 method=org.codehaus.plexus.util.xml.pull.MXParser.nextImpl()I @ 1161
Event: 7.580 Thread 0x0000000002478000 Uncommon trap: reason=unstable_if action=reinterpret pc=0x0000000002c6b428 method=java.util.HashMap.hash(Ljava/lang/Object;)I @ 1
Event: 7.580 Thread 0x0000000002478000 Uncommon trap: reason=unstable_if action=reinterpret pc=0x0000000002bc04e4 method=java.util.HashMap.hash(Ljava/lang/Object;)I @ 1
Event: 7.897 Thread 0x0000000002478000 Uncommon trap: reason=null_check action=make_not_entrant pc=0x0000000002e96c84 method=org.apache.maven.model.io.xpp3.MavenXpp3Reader.checkFieldWithDuplicate(Lorg/codehaus/plexus/util/xml/pull/XmlPullParser;Ljava/lang/String;Ljava/lang/String;Ljava/util/Set薜鸶@
Event: 7.902 Thread 0x0000000002478000 Uncommon trap: reason=unstable_if action=reinterpret pc=0x0000000002e88eec method=java.lang.String.trim()Ljava/lang/String; @ 63
Event: 9.272 Thread 0x0000000002478000 Uncommon trap: reason=predicate action=maybe_recompile pc=0x0000000002ef8534 method=java.nio.charset.CharsetDecoder.decode(Ljava/nio/ByteBuffer;Ljava/nio/CharBuffer;Z)Ljava/nio/charset/CoderResult; @ 54
Event: 9.272 Thread 0x0000000002478000 Uncommon trap: reason=predicate action=maybe_recompile pc=0x0000000002b66800 method=java.nio.charset.CharsetDecoder.decode(Ljava/nio/ByteBuffer;Ljava/nio/CharBuffer;Z)Ljava/nio/charset/CoderResult; @ 54
Event: 9.296 Thread 0x0000000002478000 Uncommon trap: reason=unstable_if action=reinterpret pc=0x0000000002c598f4 method=java.util.HashMap.getNode(ILjava/lang/Object;)Ljava/util/HashMap$Node; @ 53

Internal exceptions (10 events):
Event: 2.723 Thread 0x0000000002478000 Exception <a 'java/lang/ArrayIndexOutOfBoundsException'> (0x00000000eb9c8240) thrown at [C:\re\workspace\8-2-build-windows-amd64-cygwin\jdk8u51\3951\hotspot\src\share\vm\runtime\sharedRuntime.cpp, line 605]
Event: 3.357 Thread 0x0000000002478000 Exception <a 'java/lang/ArrayIndexOutOfBoundsException': 73> (0x00000000eb6139c8) thrown at [C:\re\workspace\8-2-build-windows-amd64-cygwin\jdk8u51\3951\hotspot\src\share\vm\interpreter\interpreterRuntime.cpp, line 366]
Event: 3.357 Thread 0x0000000002478000 Exception <a 'java/lang/ArrayIndexOutOfBoundsException': 131> (0x00000000eb6152c0) thrown at [C:\re\workspace\8-2-build-windows-amd64-cygwin\jdk8u51\3951\hotspot\src\share\vm\interpreter\interpreterRuntime.cpp, line 366]
Event: 5.128 Thread 0x0000000002478000 Exception <a 'java/lang/NoClassDefFoundError': com/google/inject/servlet/ServletModuleTargetVisitor> (0x00000000ebae98e0) thrown at [C:\re\workspace\8-2-build-windows-amd64-cygwin\jdk8u51\3951\hotspot\src\share\vm\classfile\systemDictionary.cpp, line 199]
Event: 5.128 Thread 0x0000000002478000 Exception <a 'java/lang/NoClassDefFoundError'> (0x00000000ebae98e0) thrown at [C:\re\workspace\8-2-build-windows-amd64-cygwin\jdk8u51\3951\hotspot\src\share\vm\prims\jvm.cpp, line 1386]
Event: 5.128 Thread 0x0000000002478000 Exception <a 'java/lang/NoClassDefFoundError': javax/annotation/Priority> (0x00000000ebaedf80) thrown at [C:\re\workspace\8-2-build-windows-amd64-cygwin\jdk8u51\3951\hotspot\src\share\vm\classfile\systemDictionary.cpp, line 199]
Event: 5.502 Thread 0x0000000002478000 Implicit null exception at 0x0000000002a9bd4b to 0x0000000002a9befd
Event: 7.580 Thread 0x0000000002478000 Implicit null exception at 0x0000000002c6b245 to 0x0000000002c6b419
Event: 7.580 Thread 0x0000000002478000 Implicit null exception at 0x0000000002bc046f to 0x0000000002bc04d5
Event: 7.897 Thread 0x0000000002478000 Implicit null exception at 0x0000000002e96a22 to 0x0000000002e96c69

Events (10 events):
Event: 9.537 Executing VM operation: RevokeBias
Event: 9.538 Executing VM operation: RevokeBias done
Event: 9.538 Executing VM operation: RevokeBias
Event: 9.538 Executing VM operation: RevokeBias done
Event: 9.538 Executing VM operation: RevokeBias
Event: 9.538 Executing VM operation: RevokeBias done
Event: 9.991 loading class org/eclipse/aether/graph/Dependency$Exclusions$1
Event: 9.991 loading class org/eclipse/aether/graph/Dependency$Exclusions$1 done
Event: 9.991 loading class org/eclipse/aether/util/graph/selector/ExclusionDependencySelector$ExclusionComparator
Event: 9.991 loading class org/eclipse/aether/util/graph/selector/ExclusionDependencySelector$ExclusionComparator done


Dynamic libraries:
0x000000013f340000 - 0x000000013f377000 	C:\Program Files\Java\jdk1.8.0_51\bin\java.exe
0x0000000076f70000 - 0x0000000077119000 	C:\Windows\SYSTEM32\ntdll.dll
0x0000000076d50000 - 0x0000000076e6f000 	C:\Windows\system32\kernel32.dll
0x000007fefd220000 - 0x000007fefd28c000 	C:\Windows\system32\KERNELBASE.dll
0x000007fefd540000 - 0x000007fefd61b000 	C:\Windows\system32\ADVAPI32.dll
0x000007fefe950000 - 0x000007fefe9ef000 	C:\Windows\system32\msvcrt.dll
0x000007fefe690000 - 0x000007fefe6af000 	C:\Windows\SYSTEM32\sechost.dll
0x000007feff020000 - 0x000007feff14d000 	C:\Windows\system32\RPCRT4.dll
0x0000000076e70000 - 0x0000000076f6a000 	C:\Windows\system32\USER32.dll
0x000007fefe450000 - 0x000007fefe4b7000 	C:\Windows\system32\GDI32.dll
0x000007fefe4c0000 - 0x000007fefe4ce000 	C:\Windows\system32\LPK.dll
0x000007fefe9f0000 - 0x000007fefeab9000 	C:\Windows\system32\USP10.dll
0x000007fefb960000 - 0x000007fefbb54000 	C:\Windows\WinSxS\amd64_microsoft.windows.common-controls_6595b64144ccf1df_6.0.7601.17514_none_fa396087175ac9ac\COMCTL32.dll
0x000007fefeca0000 - 0x000007fefed11000 	C:\Windows\system32\SHLWAPI.dll
0x000007fefe660000 - 0x000007fefe68e000 	C:\Windows\system32\IMM32.DLL
0x000007fefe790000 - 0x000007fefe899000 	C:\Windows\system32\MSCTF.dll
0x000000006e590000 - 0x000000006e662000 	C:\Program Files\Java\jdk1.8.0_51\jre\bin\msvcr100.dll
0x0000000077450000 - 0x0000000077cd3000 	C:\Program Files\Java\jdk1.8.0_51\jre\bin\server\jvm.dll
0x000007fefae40000 - 0x000007fefae49000 	C:\Windows\system32\WSOCK32.dll
0x000007fefe900000 - 0x000007fefe94d000 	C:\Windows\system32\WS2_32.dll
0x000007fefe650000 - 0x000007fefe658000 	C:\Windows\system32\NSI.dll
0x000007fef7b80000 - 0x000007fef7bbb000 	C:\Windows\system32\WINMM.dll
0x000007fefc020000 - 0x000007fefc02c000 	C:\Windows\system32\VERSION.dll
0x0000000077140000 - 0x0000000077147000 	C:\Windows\system32\PSAPI.DLL
0x0000000074830000 - 0x000000007483f000 	C:\Program Files\Java\jdk1.8.0_51\jre\bin\verify.dll
0x0000000073bc0000 - 0x0000000073be9000 	C:\Program Files\Java\jdk1.8.0_51\jre\bin\java.dll
0x0000000069aa0000 - 0x0000000069ac3000 	C:\Program Files\Java\jdk1.8.0_51\jre\bin\instrument.dll
0x0000000073f20000 - 0x0000000073f36000 	C:\Program Files\Java\jdk1.8.0_51\jre\bin\zip.dll
0x000007fefd6c0000 - 0x000007fefe448000 	C:\Windows\system32\SHELL32.dll
0x000007fefd330000 - 0x000007fefd533000 	C:\Windows\system32\ole32.dll
0x000007fefcec0000 - 0x000007fefcecf000 	C:\Windows\system32\profapi.dll
0x000007feed420000 - 0x000007feed43a000 	D:\Idea\IntelliJ IDEA 2017.1.2\bin\breakgen64.dll
0x0000000073b90000 - 0x0000000073baa000 	C:\Program Files\Java\jdk1.8.0_51\jre\bin\net.dll
0x000007fefc6d0000 - 0x000007fefc725000 	C:\Windows\system32\mswsock.dll
0x000007fefc6c0000 - 0x000007fefc6c7000 	C:\Windows\System32\wship6.dll
0x0000000073b70000 - 0x0000000073b81000 	C:\Program Files\Java\jdk1.8.0_51\jre\bin\nio.dll

VM Arguments:
jvm_args: -Dmaven.multiModuleProjectDirectory=G:\JAVA练习文件\课堂文件\bmi\mysql_maven -Dmaven.home=D:\maven\apache-maven-3.3.9 -Dclassworlds.conf=D:\maven\apache-maven-3.3.9\bin\m2.conf -javaagent:D:\Idea\IntelliJ IDEA 2017.1.2\lib\idea_rt.jar=58652:D:\Idea\IntelliJ IDEA 2017.1.2\bin -Dfile.encoding=UTF-8 
java_command: org.codehaus.classworlds.Launcher -Didea.version=2017.1.2 -s D:\javalibrary\settings.xml -Dmaven.repo.local=D:\javalibrary\repository package
java_class_path (initial): D:\maven\apache-maven-3.3.9\boot\plexus-classworlds-2.5.2.jar;D:\Idea\IntelliJ IDEA 2017.1.2\lib\idea_rt.jar
Launcher Type: SUN_STANDARD

Environment Variables:
JAVA_HOME=C:\Program Files\Java\jdk1.8.0_51
PATH=C:\ProgramData\Oracle\Java\javapath;C:\Windows\system32;C:\Windows;C:\Windows\System32\Wbem;C:\Windows\System32\WindowsPowerShell\v1.0\;C:\Program Files\Java\jdk1.8.0_51\bin;D:\mysql\mysql-5.7.17-winx64\bin;D:\maven\apache-maven-3.3.9\bin;D:\apache-tomcat\apache-tomcat-7.0.40\lib;D:\vsc\node\;C:\Users\Administrator.SKY-20190609GSF\AppData\Roaming\npm;D:\vsc\Vsc\Microsoft VS Code\bin;C:\Program Files (x86)\MyDrivers\DriverGenius;C:\Program Files (x86)\MyDrivers\DriverGenius\ksoft
USERNAME=Administrator
OS=Windows_NT
PROCESSOR_IDENTIFIER=Intel64 Family 6 Model 69 Stepping 1, GenuineIntel



---------------  S Y S T E M  ---------------

OS: Windows 7 , 64 bit Build 7601 (6.1.7601.17965)

CPU:total 4 (2 cores per cpu, 2 threads per core) family 6 model 69 stepping 1, cmov, cx8, fxsr, mmx, sse, sse2, sse3, ssse3, sse4.1, sse4.2, popcnt, avx, avx2, aes, clmul, erms, lzcnt, ht, tsc, tscinvbit, bmi1, bmi2

Memory: 4k page, physical 4067812k(408388k free), swap 6163112k(5096k free)

vm_info: Java HotSpot(TM) 64-Bit Server VM (25.51-b03) for windows-amd64 JRE (1.8.0_51-b16), built on Jun  8 2015 18:03:07 by "java_re" with MS VC++ 10.0 (VS2010)

time: Wed Jun 19 16:57:37 2019
elapsed time: 10 seconds (0d 0h 0m 10s)

