#
# There is insufficient memory for the Java Runtime Environment to continue.
# Native memory allocation (malloc) failed to allocate 262160 bytes for Chunk::new
# Possible reasons:
#   The system is out of physical RAM or swap space
#   In 32 bit mode, the process size limit was hit
# Possible solutions:
#   Reduce memory load on the system
#   Increase physical memory or swap space
#   Check if swap backing store is full
#   Use 64 bit Java on a 64 bit OS
#   Decrease Java heap size (-Xmx/-Xms)
#   Decrease number of Java threads
#   Decrease Java thread stack sizes (-Xss)
#   Set larger code cache with -XX:ReservedCodeCacheSize=
# This output file may be truncated or incomplete.
#
#  Out of Memory Error (allocation.cpp:390), pid=6420, tid=9888
#
# JRE version: Java(TM) SE Runtime Environment (8.0_51-b16) (build 1.8.0_51-b16)
# Java VM: Java HotSpot(TM) 64-Bit Server VM (25.51-b03 mixed mode windows-amd64 compressed oops)
# Failed to write core dump. Minidumps are not enabled by default on client versions of Windows
#

---------------  T H R E A D  ---------------

Current thread (0x0000000056626800):  JavaThread "C2 CompilerThread1" daemon [_thread_in_native, id=9888, stack(0x0000000056f80000,0x0000000057080000)]

Stack: [0x0000000056f80000,0x0000000057080000]
Native frames: (J=compiled Java code, j=interpreted, Vv=VM code, C=native code)
V  [jvm.dll+0x32b4ca]


Current CompileTask:
C2:  18552 3931   !   4       org.apache.catalina.startup.ContextConfig::populateJavaClassCache (159 bytes)


---------------  P R O C E S S  ---------------

Java Threads: ( => current thread )
  0x000000005a46a800 JavaThread "localhost-startStop-1" daemon [_thread_in_native, id=6760, stack(0x000000005bce0000,0x000000005bde0000)]
  0x000000005a46a000 JavaThread "Tomcat-startStop-1" daemon [_thread_blocked, id=7820, stack(0x00000000575f0000,0x00000000576f0000)]
  0x000000005667d800 JavaThread "Service Thread" daemon [_thread_blocked, id=9468, stack(0x00000000573a0000,0x00000000574a0000)]
  0x0000000056627800 JavaThread "C1 CompilerThread2" daemon [_thread_blocked, id=2396, stack(0x00000000571c0000,0x00000000572c0000)]
=>0x0000000056626800 JavaThread "C2 CompilerThread1" daemon [_thread_in_native, id=9888, stack(0x0000000056f80000,0x0000000057080000)]
  0x0000000056623000 JavaThread "C2 CompilerThread0" daemon [_thread_in_native, id=8608, stack(0x0000000056e50000,0x0000000056f50000)]
  0x0000000056617800 JavaThread "Monitor Ctrl-Break" daemon [_thread_in_native, id=10180, stack(0x0000000056d00000,0x0000000056e00000)]
  0x00000000550ec800 JavaThread "Attach Listener" daemon [_thread_blocked, id=9368, stack(0x0000000056a00000,0x0000000056b00000)]
  0x00000000550e0000 JavaThread "Signal Dispatcher" daemon [_thread_blocked, id=9464, stack(0x0000000056b40000,0x0000000056c40000)]
  0x0000000055087000 JavaThread "Finalizer" daemon [_thread_blocked, id=8488, stack(0x00000000564e0000,0x00000000565e0000)]
  0x0000000055080000 JavaThread "Reference Handler" daemon [_thread_blocked, id=8804, stack(0x0000000056320000,0x0000000056420000)]
  0x0000000001c18000 JavaThread "main" [_thread_blocked, id=8092, stack(0x0000000002730000,0x0000000002830000)]

Other Threads:
  0x000000005507a800 VMThread [stack: 0x0000000056170000,0x0000000056270000] [id=4480]
  0x0000000056699000 WatcherThread [stack: 0x00000000574e0000,0x00000000575e0000] [id=9356]

VM state:not at safepoint (normal execution)

VM Mutex/Monitor currently owned by a thread: None

Heap:
 PSYoungGen      total 96768K, used 27625K [0x00000000eb500000, 0x00000000f4c80000, 0x0000000100000000)
  eden space 83456K, 17% used [0x00000000eb500000,0x00000000ec2fa630,0x00000000f0680000)
  from space 13312K, 99% used [0x00000000f0680000,0x00000000f137fe00,0x00000000f1380000)
  to   space 15872K, 0% used [0x00000000f3d00000,0x00000000f3d00000,0x00000000f4c80000)
 ParOldGen       total 39424K, used 24347K [0x00000000c1e00000, 0x00000000c4480000, 0x00000000eb500000)
  object space 39424K, 61% used [0x00000000c1e00000,0x00000000c35c6c08,0x00000000c4480000)
 Metaspace       used 23499K, capacity 24048K, committed 24192K, reserved 1071104K
  class space    used 2769K, capacity 2928K, committed 2944K, reserved 1048576K

Card table byte_map: [0x0000000011cf0000,0x0000000011ef0000] byte_map_base: 0x00000000116e1000

Marking Bits: (ParMarkBitMap*) 0x000000006fbf4040
 Begin Bits: [0x00000000125e0000, 0x0000000013568000)
 End Bits:   [0x0000000013568000, 0x00000000144f0000)

Polling page: 0x0000000000230000

CodeCache: size=245760Kb used=12309Kb max_used=12322Kb free=233450Kb
 bounds [0x0000000002930000, 0x0000000003550000, 0x0000000011930000]
 total_blobs=3898 nmethods=3507 adapters=303
 compilation: enabled

Compilation events (10 events):
Event: 18.199 Thread 0x0000000056626800 nmethod 3924 0x0000000003535150 code [0x0000000003535280, 0x00000000035352d8]
Event: 18.199 Thread 0x0000000056623000 nmethod 3926 0x000000000353ce90 code [0x000000000353cfc0, 0x000000000353d038]
Event: 18.206 Thread 0x0000000056626800 3927       4       java.util.HashSet::size (8 bytes)
Event: 18.206 Thread 0x0000000056623000 3928  s    4       java.util.jar.JarFile::getInputStream (89 bytes)
Event: 18.207 Thread 0x0000000056626800 nmethod 3927 0x000000000353cc90 code [0x000000000353cdc0, 0x000000000353ce18]
Event: 18.212 Thread 0x0000000056627800 3930       3       java.io.DataInputStream::readDouble (8 bytes)
Event: 18.212 Thread 0x0000000056627800 nmethod 3930 0x000000000353c4d0 code [0x000000000353c640, 0x000000000353c868]
Event: 18.218 Thread 0x0000000056623000 nmethod 3928 0x0000000003536b10 code [0x0000000003536cc0, 0x00000000035375a0]
Event: 18.247 Thread 0x0000000056626800 3931   !   4       org.apache.catalina.startup.ContextConfig::populateJavaClassCache (159 bytes)
Event: 18.250 Thread 0x0000000056623000 3932   !   4       org.apache.catalina.startup.ContextConfig::checkHandlesTypes (453 bytes)

GC Heap History (10 events):
Event: 15.174 GC heap before
{Heap before GC invocations=10 (full 0):
 PSYoungGen      total 58368K, used 12322K [0x00000000eb500000, 0x00000000efc00000, 0x0000000100000000)
  eden space 51200K, 11% used [0x00000000eb500000,0x00000000eba802c8,0x00000000ee700000)
  from space 7168K, 93% used [0x00000000ef400000,0x00000000efa88690,0x00000000efb00000)
  to   space 1024K, 0% used [0x00000000efb00000,0x00000000efb00000,0x00000000efc00000)
 ParOldGen       total 44032K, used 12048K [0x00000000c1e00000, 0x00000000c4900000, 0x00000000eb500000)
  object space 44032K, 27% used [0x00000000c1e00000,0x00000000c29c4038,0x00000000c4900000)
 Metaspace       used 20602K, capacity 21042K, committed 21296K, reserved 1069056K
  class space    used 2449K, capacity 2587K, committed 2688K, reserved 1048576K
Event: 15.186 GC heap after
Heap after GC invocations=10 (full 0):
 PSYoungGen      total 65024K, used 1024K [0x00000000eb500000, 0x00000000f1400000, 0x0000000100000000)
  eden space 64000K, 0% used [0x00000000eb500000,0x00000000eb500000,0x00000000ef380000)
  from space 1024K, 100% used [0x00000000efb00000,0x00000000efc00000,0x00000000efc00000)
  to   space 7680K, 0% used [0x00000000ef380000,0x00000000ef380000,0x00000000efb00000)
 ParOldGen       total 44032K, used 16405K [0x00000000c1e00000, 0x00000000c4900000, 0x00000000eb500000)
  object space 44032K, 37% used [0x00000000c1e00000,0x00000000c2e05748,0x00000000c4900000)
 Metaspace       used 20602K, capacity 21042K, committed 21296K, reserved 1069056K
  class space    used 2449K, capacity 2587K, committed 2688K, reserved 1048576K
}
Event: 15.186 GC heap before
{Heap before GC invocations=11 (full 1):
 PSYoungGen      total 65024K, used 1024K [0x00000000eb500000, 0x00000000f1400000, 0x0000000100000000)
  eden space 64000K, 0% used [0x00000000eb500000,0x00000000eb500000,0x00000000ef380000)
  from space 1024K, 100% used [0x00000000efb00000,0x00000000efc00000,0x00000000efc00000)
  to   space 7680K, 0% used [0x00000000ef380000,0x00000000ef380000,0x00000000efb00000)
 ParOldGen       total 44032K, used 16405K [0x00000000c1e00000, 0x00000000c4900000, 0x00000000eb500000)
  object space 44032K, 37% used [0x00000000c1e00000,0x00000000c2e05748,0x00000000c4900000)
 Metaspace       used 20602K, capacity 21042K, committed 21296K, reserved 1069056K
  class space    used 2449K, capacity 2587K, committed 2688K, reserved 1048576K
Event: 15.304 GC heap after
Heap after GC invocations=11 (full 1):
 PSYoungGen      total 65024K, used 0K [0x00000000eb500000, 0x00000000f1400000, 0x0000000100000000)
  eden space 64000K, 0% used [0x00000000eb500000,0x00000000eb500000,0x00000000ef380000)
  from space 1024K, 0% used [0x00000000efb00000,0x00000000efb00000,0x00000000efc00000)
  to   space 7680K, 0% used [0x00000000ef380000,0x00000000ef380000,0x00000000efb00000)
 ParOldGen       total 39424K, used 12147K [0x00000000c1e00000, 0x00000000c4480000, 0x00000000eb500000)
  object space 39424K, 30% used [0x00000000c1e00000,0x00000000c29dcf88,0x00000000c4480000)
 Metaspace       used 20602K, capacity 21042K, committed 21296K, reserved 1069056K
  class space    used 2449K, capacity 2587K, committed 2688K, reserved 1048576K
}
Event: 17.372 GC heap before
{Heap before GC invocations=12 (full 1):
 PSYoungGen      total 65024K, used 64000K [0x00000000eb500000, 0x00000000f1400000, 0x0000000100000000)
  eden space 64000K, 100% used [0x00000000eb500000,0x00000000ef380000,0x00000000ef380000)
  from space 1024K, 0% used [0x00000000efb00000,0x00000000efb00000,0x00000000efc00000)
  to   space 7680K, 0% used [0x00000000ef380000,0x00000000ef380000,0x00000000efb00000)
 ParOldGen       total 39424K, used 12147K [0x00000000c1e00000, 0x00000000c4480000, 0x00000000eb500000)
  object space 39424K, 30% used [0x00000000c1e00000,0x00000000c29dcf88,0x00000000c4480000)
 Metaspace       used 23451K, capacity 24016K, committed 24192K, reserved 1071104K
  class space    used 2767K, capacity 2896K, committed 2944K, reserved 1048576K
Event: 17.386 GC heap after
Heap after GC invocations=12 (full 1):
 PSYoungGen      total 71680K, used 7673K [0x00000000eb500000, 0x00000000f1d80000, 0x0000000100000000)
  eden space 64000K, 0% used [0x00000000eb500000,0x00000000eb500000,0x00000000ef380000)
  from space 7680K, 99% used [0x00000000ef380000,0x00000000efafe478,0x00000000efb00000)
  to   space 10240K, 0% used [0x00000000f1380000,0x00000000f1380000,0x00000000f1d80000)
 ParOldGen       total 39424K, used 16407K [0x00000000c1e00000, 0x00000000c4480000, 0x00000000eb500000)
  object space 39424K, 41% used [0x00000000c1e00000,0x00000000c2e05c30,0x00000000c4480000)
 Metaspace       used 23451K, capacity 24016K, committed 24192K, reserved 1071104K
  class space    used 2767K, capacity 2896K, committed 2944K, reserved 1048576K
}
Event: 17.869 GC heap before
{Heap before GC invocations=13 (full 1):
 PSYoungGen      total 71680K, used 71673K [0x00000000eb500000, 0x00000000f1d80000, 0x0000000100000000)
  eden space 64000K, 100% used [0x00000000eb500000,0x00000000ef380000,0x00000000ef380000)
  from space 7680K, 99% used [0x00000000ef380000,0x00000000efafe478,0x00000000efb00000)
  to   space 10240K, 0% used [0x00000000f1380000,0x00000000f1380000,0x00000000f1d80000)
 ParOldGen       total 39424K, used 16407K [0x00000000c1e00000, 0x00000000c4480000, 0x00000000eb500000)
  object space 39424K, 41% used [0x00000000c1e00000,0x00000000c2e05c30,0x00000000c4480000)
 Metaspace       used 23495K, capacity 24048K, committed 24192K, reserved 1071104K
  class space    used 2769K, capacity 2928K, committed 2944K, reserved 1048576K
Event: 17.894 GC heap after
Heap after GC invocations=13 (full 1):
 PSYoungGen      total 93696K, used 10215K [0x00000000eb500000, 0x00000000f2880000, 0x0000000100000000)
  eden space 83456K, 0% used [0x00000000eb500000,0x00000000eb500000,0x00000000f0680000)
  from space 10240K, 99% used [0x00000000f1380000,0x00000000f1d79f28,0x00000000f1d80000)
  to   space 13312K, 0% used [0x00000000f0680000,0x00000000f0680000,0x00000000f1380000)
 ParOldGen       total 39424K, used 21266K [0x00000000c1e00000, 0x00000000c4480000, 0x00000000eb500000)
  object space 39424K, 53% used [0x00000000c1e00000,0x00000000c32c4948,0x00000000c4480000)
 Metaspace       used 23495K, capacity 24048K, committed 24192K, reserved 1071104K
  class space    used 2769K, capacity 2928K, committed 2944K, reserved 1048576K
}
Event: 18.426 GC heap before
{Heap before GC invocations=14 (full 1):
 PSYoungGen      total 93696K, used 93671K [0x00000000eb500000, 0x00000000f2880000, 0x0000000100000000)
  eden space 83456K, 100% used [0x00000000eb500000,0x00000000f0680000,0x00000000f0680000)
  from space 10240K, 99% used [0x00000000f1380000,0x00000000f1d79f28,0x00000000f1d80000)
  to   space 13312K, 0% used [0x00000000f0680000,0x00000000f0680000,0x00000000f1380000)
 ParOldGen       total 39424K, used 21266K [0x00000000c1e00000, 0x00000000c4480000, 0x00000000eb500000)
  object space 39424K, 53% used [0x00000000c1e00000,0x00000000c32c4948,0x00000000c4480000)
 Metaspace       used 23499K, capacity 24048K, committed 24192K, reserved 1071104K
  class space    used 2769K, capacity 2928K, committed 2944K, reserved 1048576K
Event: 18.461 GC heap after
Heap after GC invocations=14 (full 1):
 PSYoungGen      total 96768K, used 13311K [0x00000000eb500000, 0x00000000f4c80000, 0x0000000100000000)
  eden space 83456K, 0% used [0x00000000eb500000,0x00000000eb500000,0x00000000f0680000)
  from space 13312K, 99% used [0x00000000f0680000,0x00000000f137fe00,0x00000000f1380000)
  to   space 15872K, 0% used [0x00000000f3d00000,0x00000000f3d00000,0x00000000f4c80000)
 ParOldGen       total 39424K, used 24347K [0x00000000c1e00000, 0x00000000c4480000, 0x00000000eb500000)
  object space 39424K, 61% used [0x00000000c1e00000,0x00000000c35c6c08,0x00000000c4480000)
 Metaspace       used 23499K, capacity 24048K, committed 24192K, reserved 1071104K
  class space    used 2769K, capacity 2928K, committed 2944K, reserved 1048576K
}

Deoptimization events (10 events):
Event: 16.600 Thread 0x000000005a46a800 Uncommon trap: reason=unstable_if action=reinterpret pc=0x000000000339a6a8 method=com.sun.org.apache.xerces.internal.impl.XMLEntityScanner.peekChar()I @ 14
Event: 16.699 Thread 0x000000005a46a800 Uncommon trap: reason=unstable_if action=reinterpret pc=0x0000000002f699bc method=com.sun.org.apache.xerces.internal.impl.XMLEntityScanner.skipString(Ljava/lang/String;)Z @ 59
Event: 16.699 Thread 0x000000005a46a800 Uncommon trap: reason=unstable_if action=reinterpret pc=0x00000000033b2a58 method=com.sun.org.apache.xerces.internal.impl.XMLEntityScanner.scanChar()I @ 14
Event: 16.811 Thread 0x000000005a46a800 Uncommon trap: reason=unstable_if action=reinterpret pc=0x00000000033e44a4 method=com.sun.org.apache.xerces.internal.utils.XMLLimitAnalyzer.isTracking(Ljava/lang/String;)Z @ 4
Event: 16.839 Thread 0x000000005a46a800 Uncommon trap: reason=unstable_if action=reinterpret pc=0x000000000320d6c8 method=java.util.concurrent.ConcurrentHashMap.replaceNode(Ljava/lang/Object;Ljava/lang/Object;Ljava/lang/Object;)Ljava/lang/Object; @ 47
Event: 16.947 Thread 0x000000005a46a800 Uncommon trap: reason=unstable_if action=reinterpret pc=0x000000000327f07c method=org.codehaus.plexus.classworlds.realm.Entry.matches(Ljava/lang/String;)Z @ 209
Event: 17.342 Thread 0x000000005a46a800 Uncommon trap: reason=unstable_if action=reinterpret pc=0x00000000033dc0c4 method=org.apache.tomcat.util.bcel.classfile.ConstantUtf8$1.removeEldestEntry(Ljava/util/Map$Entry;)Z @ 7
Event: 17.532 Thread 0x000000005a46a800 Uncommon trap: reason=unstable_if action=reinterpret pc=0x000000000342c1e4 method=java.io.DataInputStream.readUTF(Ljava/io/DataInput;)Ljava/lang/String; @ 112
Event: 17.575 Thread 0x000000005a46a800 Uncommon trap: reason=unloaded action=reinterpret pc=0x00000000034cfd60 method=org.apache.tomcat.util.bcel.classfile.Attribute.readAttribute(Ljava/io/DataInputStream;Lorg/apache/tomcat/util/bcel/classfile/ConstantPool;)Lorg/apache/tomcat/util/bcel/classfil2v6`ì1@
Event: 17.922 Thread 0x000000005a46a800 Uncommon trap: reason=unloaded action=reinterpret pc=0x00000000034fadc8 method=org.apache.tomcat.util.bcel.classfile.Attribute.readAttribute(Ljava/io/DataInputStream;Lorg/apache/tomcat/util/bcel/classfile/ConstantPool;)Lorg/apache/tomcat/util/bcel/classfils £G†™0@

Internal exceptions (10 events):
Event: 5.749 Thread 0x0000000001c18000 Implicit null exception at 0x0000000002b0698b to 0x0000000002b06b3d
Event: 6.471 Thread 0x0000000001c18000 Implicit null exception at 0x0000000002cccfc5 to 0x0000000002ccd199
Event: 6.471 Thread 0x0000000001c18000 Implicit null exception at 0x0000000002c1dfef to 0x0000000002c1e055
Event: 6.536 Thread 0x0000000001c18000 Implicit null exception at 0x0000000002d87f08 to 0x0000000002d87f96
Event: 6.614 Thread 0x0000000001c18000 Implicit null exception at 0x0000000002f404d0 to 0x0000000002f41681
Event: 10.074 Thread 0x0000000001c18000 Implicit null exception at 0x0000000003142f20 to 0x000000000314407d
Event: 13.708 Thread 0x0000000001c18000 Exception <a 'java/io/FileNotFoundException'> (0x00000000ecadb1e0) thrown at [C:\re\workspace\8-2-build-windows-amd64-cygwin\jdk8u51\3951\hotspot\src\share\vm\prims\jni.cpp, line 709]
Event: 16.524 Thread 0x000000005a46a800 Implicit null exception at 0x0000000002c07984 to 0x0000000002c07cd9
Event: 16.524 Thread 0x000000005a46a800 Implicit null exception at 0x0000000002b5d886 to 0x0000000002b5dbad
Event: 16.839 Thread 0x000000005a46a800 Implicit null exception at 0x000000000320d16c to 0x000000000320d695

Events (10 events):
Event: 17.899 Executing VM operation: BulkRevokeBias done
Event: 17.922 Thread 0x000000005a46a800 Uncommon trap: trap_request=0x00000033 fr.pc=0x00000000034fadc8
Event: 17.922 Thread 0x000000005a46a800 DEOPT PACKING pc=0x00000000034fadc8 sp=0x000000005bdde9b0
Event: 17.922 Thread 0x000000005a46a800 DEOPT UNPACKING pc=0x000000000297582a sp=0x000000005bdde9f0 mode 2
Event: 18.426 Executing VM operation: ParallelGCFailedAllocation
Event: 18.461 Executing VM operation: ParallelGCFailedAllocation done
Event: 18.463 Executing VM operation: RevokeBias
Event: 18.463 Executing VM operation: RevokeBias done
Event: 18.463 Executing VM operation: BulkRevokeBias
Event: 18.463 Executing VM operation: BulkRevokeBias done


Dynamic libraries:
0x000000013f850000 - 0x000000013f887000 	C:\Program Files\Java\jdk1.8.0_51\bin\java.exe
0x0000000076f70000 - 0x0000000077119000 	C:\Windows\SYSTEM32\ntdll.dll
0x0000000076d50000 - 0x0000000076e6f000 	C:\Windows\system32\kernel32.dll
0x000007fefd220000 - 0x000007fefd28c000 	C:\Windows\system32\KERNELBASE.dll
0x000007fefd540000 - 0x000007fefd61b000 	C:\Windows\system32\ADVAPI32.dll
0x000007fefe950000 - 0x000007fefe9ef000 	C:\Windows\system32\msvcrt.dll
0x000007fefe690000 - 0x000007fefe6af000 	C:\Windows\SYSTEM32\sechost.dll
0x000007feff020000 - 0x000007feff14d000 	C:\Windows\system32\RPCRT4.dll
0x0000000076e70000 - 0x0000000076f6a000 	C:\Windows\system32\USER32.dll
0x000007fefe450000 - 0x000007fefe4b7000 	C:\Windows\system32\GDI32.dll
0x000007fefe4c0000 - 0x000007fefe4ce000 	C:\Windows\system32\LPK.dll
0x000007fefe9f0000 - 0x000007fefeab9000 	C:\Windows\system32\USP10.dll
0x000007fefb960000 - 0x000007fefbb54000 	C:\Windows\WinSxS\amd64_microsoft.windows.common-controls_6595b64144ccf1df_6.0.7601.17514_none_fa396087175ac9ac\COMCTL32.dll
0x000007fefeca0000 - 0x000007fefed11000 	C:\Windows\system32\SHLWAPI.dll
0x000007fefe660000 - 0x000007fefe68e000 	C:\Windows\system32\IMM32.DLL
0x000007fefe790000 - 0x000007fefe899000 	C:\Windows\system32\MSCTF.dll
0x000000006e590000 - 0x000000006e662000 	C:\Program Files\Java\jdk1.8.0_51\jre\bin\msvcr100.dll
0x000000006f3f0000 - 0x000000006fc73000 	C:\Program Files\Java\jdk1.8.0_51\jre\bin\server\jvm.dll
0x000007fefae40000 - 0x000007fefae49000 	C:\Windows\system32\WSOCK32.dll
0x000007fefe900000 - 0x000007fefe94d000 	C:\Windows\system32\WS2_32.dll
0x000007fefe650000 - 0x000007fefe658000 	C:\Windows\system32\NSI.dll
0x000007fef7b80000 - 0x000007fef7bbb000 	C:\Windows\system32\WINMM.dll
0x000007fefc020000 - 0x000007fefc02c000 	C:\Windows\system32\VERSION.dll
0x0000000077140000 - 0x0000000077147000 	C:\Windows\system32\PSAPI.DLL
0x0000000071310000 - 0x000000007131f000 	C:\Program Files\Java\jdk1.8.0_51\jre\bin\verify.dll
0x000000006a940000 - 0x000000006a969000 	C:\Program Files\Java\jdk1.8.0_51\jre\bin\java.dll
0x000000006a910000 - 0x000000006a933000 	C:\Program Files\Java\jdk1.8.0_51\jre\bin\instrument.dll
0x000000006a8f0000 - 0x000000006a906000 	C:\Program Files\Java\jdk1.8.0_51\jre\bin\zip.dll
0x000007fefd6c0000 - 0x000007fefe448000 	C:\Windows\system32\SHELL32.dll
0x000007fefd330000 - 0x000007fefd533000 	C:\Windows\system32\ole32.dll
0x000007fefcec0000 - 0x000007fefcecf000 	C:\Windows\system32\profapi.dll
0x000007feeca90000 - 0x000007feecaaa000 	D:\Idea\IntelliJ IDEA 2017.1.2\bin\breakgen64.dll
0x000000006a8d0000 - 0x000000006a8ea000 	C:\Program Files\Java\jdk1.8.0_51\jre\bin\net.dll
0x000007fefc6d0000 - 0x000007fefc725000 	C:\Windows\system32\mswsock.dll
0x000007fefc6c0000 - 0x000007fefc6c7000 	C:\Windows\System32\wship6.dll
0x000000006a8b0000 - 0x000000006a8c1000 	C:\Program Files\Java\jdk1.8.0_51\jre\bin\nio.dll
0x000007fefc730000 - 0x000007fefc747000 	C:\Windows\system32\CRYPTSP.dll
0x000007fefc430000 - 0x000007fefc477000 	C:\Windows\system32\rsaenh.dll
0x000007fefc210000 - 0x000007fefc22e000 	C:\Windows\system32\USERENV.dll
0x000007fefcdb0000 - 0x000007fefcdbf000 	C:\Windows\system32\CRYPTBASE.dll
0x000007fefa9f0000 - 0x000007fefaa17000 	C:\Windows\system32\IPHLPAPI.DLL
0x000007fefa9e0000 - 0x000007fefa9eb000 	C:\Windows\system32\WINNSI.DLL
0x000007fefa8c0000 - 0x000007fefa8d1000 	C:\Windows\system32\dhcpcsvc6.DLL
0x000007fefa7c0000 - 0x000007fefa7d8000 	C:\Windows\system32\dhcpcsvc.DLL
0x000000006fdc0000 - 0x000000006fdcd000 	C:\Program Files\Java\jdk1.8.0_51\jre\bin\management.dll

VM Arguments:
jvm_args: -Dmaven.multiModuleProjectDirectory=G:\JAVAÁ·Ï°ÎÄ¼þ\¿ÎÌÃÎÄ¼þ\bmi\mysql_maven -Dmaven.home=D:\maven\apache-maven-3.3.9 -Dclassworlds.conf=D:\maven\apache-maven-3.3.9\bin\m2.conf -javaagent:D:\Idea\IntelliJ IDEA 2017.1.2\lib\idea_rt.jar=57554:D:\Idea\IntelliJ IDEA 2017.1.2\bin -Dfile.encoding=UTF-8 
java_command: org.codehaus.classworlds.Launcher -Didea.version=2017.1.2 -s D:\javalibrary\settings.xml -Dmaven.repo.local=D:\javalibrary\repository tomcat7:run
java_class_path (initial): D:\maven\apache-maven-3.3.9\boot\plexus-classworlds-2.5.2.jar;D:\Idea\IntelliJ IDEA 2017.1.2\lib\idea_rt.jar
Launcher Type: SUN_STANDARD

Environment Variables:
JAVA_HOME=C:\Program Files\Java\jdk1.8.0_51
PATH=C:\ProgramData\Oracle\Java\javapath;C:\Windows\system32;C:\Windows;C:\Windows\System32\Wbem;C:\Windows\System32\WindowsPowerShell\v1.0\;C:\Program Files\Java\jdk1.8.0_51\bin;D:\mysql\mysql-5.7.17-winx64\bin;D:\maven\apache-maven-3.3.9\bin;D:\apache-tomcat\apache-tomcat-7.0.40\lib;D:\vsc\node\;C:\Users\Administrator.SKY-20190609GSF\AppData\Roaming\npm;D:\vsc\Vsc\Microsoft VS Code\bin;C:\Program Files (x86)\MyDrivers\DriverGenius;C:\Program Files (x86)\MyDrivers\DriverGenius\ksoft
USERNAME=Administrator
OS=Windows_NT
PROCESSOR_IDENTIFIER=Intel64 Family 6 Model 69 Stepping 1, GenuineIntel



---------------  S Y S T E M  ---------------

OS: Windows 7 , 64 bit Build 7601 (6.1.7601.17965)

CPU:total 4 (2 cores per cpu, 2 threads per core) family 6 model 69 stepping 1, cmov, cx8, fxsr, mmx, sse, sse2, sse3, ssse3, sse4.1, sse4.2, popcnt, avx, avx2, aes, clmul, erms, lzcnt, ht, tsc, tscinvbit, bmi1, bmi2

Memory: 4k page, physical 4067812k(81184k free), swap 6163112k(5096k free)

vm_info: Java HotSpot(TM) 64-Bit Server VM (25.51-b03) for windows-amd64 JRE (1.8.0_51-b16), built on Jun  8 2015 18:03:07 by "java_re" with MS VC++ 10.0 (VS2010)

time: Wed Jun 19 16:24:34 2019
elapsed time: 18 seconds (0d 0h 0m 18s)

